[25-Mar-2019 02:26:58 Asia/Tokyo] PHP Notice:  Undefined index: fighter in C:\MAMP\htdocs\baki\index.php on line 224
[25-Mar-2019 02:26:58 Asia/Tokyo] POSTされたッ！
[25-Mar-2019 02:27:14 Asia/Tokyo] PHP Notice:  Undefined index: fighter in C:\MAMP\htdocs\baki\index.php on line 224
[25-Mar-2019 02:27:14 Asia/Tokyo] POSTされたッ！
[25-Mar-2019 02:27:15 Asia/Tokyo] PHP Notice:  Undefined index: fighter in C:\MAMP\htdocs\baki\index.php on line 224
[25-Mar-2019 02:27:15 Asia/Tokyo] POSTされたッ！
[25-Mar-2019 02:27:16 Asia/Tokyo] PHP Notice:  Undefined index: fighter in C:\MAMP\htdocs\baki\index.php on line 224
[25-Mar-2019 02:27:16 Asia/Tokyo] POSTされたッ！
[25-Mar-2019 02:27:16 Asia/Tokyo] PHP Notice:  Undefined index: fighter in C:\MAMP\htdocs\baki\index.php on line 224
[25-Mar-2019 02:27:16 Asia/Tokyo] POSTされたッ！
[25-Mar-2019 02:27:16 Asia/Tokyo] PHP Notice:  Undefined index: fighter in C:\MAMP\htdocs\baki\index.php on line 224
[25-Mar-2019 02:27:16 Asia/Tokyo] POSTされたッ！
[25-Mar-2019 02:27:17 Asia/Tokyo] PHP Notice:  Undefined index: fighter in C:\MAMP\htdocs\baki\index.php on line 224
[25-Mar-2019 02:27:17 Asia/Tokyo] POSTされたッ！
[25-Mar-2019 02:29:40 Asia/Tokyo] PHP Notice:  Undefined index: fighter in C:\MAMP\htdocs\baki\index.php on line 224
[25-Mar-2019 02:29:40 Asia/Tokyo] POSTされたッ！
[25-Mar-2019 02:35:12 Asia/Tokyo] PHP Notice:  Undefined index:  in C:\MAMP\htdocs\baki\index.php on line 324
[25-Mar-2019 02:35:12 Asia/Tokyo] PHP Fatal error:  Uncaught Error: Call to a member function getNickname() on null in C:\MAMP\htdocs\baki\index.php:324
Stack trace:
#0 {main}
  thrown in C:\MAMP\htdocs\baki\index.php on line 324
[25-Mar-2019 02:35:31 Asia/Tokyo] PHP Notice:  Undefined index:  in C:\MAMP\htdocs\baki\index.php on line 324
[25-Mar-2019 02:35:31 Asia/Tokyo] PHP Fatal error:  Uncaught Error: Call to a member function getNickname() on null in C:\MAMP\htdocs\baki\index.php:324
Stack trace:
#0 {main}
  thrown in C:\MAMP\htdocs\baki\index.php on line 324
[25-Mar-2019 02:43:34 Asia/Tokyo] PHP Fatal error:  Uncaught ArgumentCountError: Too few arguments to function Fighter::__construct(), 10 passed in C:\MAMP\htdocs\baki\index.php on line 166 and exactly 11 expected in C:\MAMP\htdocs\baki\index.php:72
Stack trace:
#0 C:\MAMP\htdocs\baki\index.php(166): Fighter->__construct('\xE7\xAF\x84\xE9\xA6\xAC \xE5\x88\x83\xE7\x89\x99', '\xE5\x88\x83\xE7\x89\x99', '\xE3\x80\x8E\xE5\x9C\xB0\xE4\xB8\x8B\xE6\xA0\xBC\xE9\x97\x98...', 500, 'img/fighter01.p...', 'img/fighter01_f...', 30, 70, 3, 1)
#1 {main}
  thrown in C:\MAMP\htdocs\baki\index.php on line 72
[25-Mar-2019 03:01:20 Asia/Tokyo] POSTされたッ！
[25-Mar-2019 03:01:20 Asia/Tokyo] 選択したキャラ：Fighter Object
(
    [imgFace:protected] => img/fighter05_face.png
    [tension:protected] => 1
    [name:protected] => 渋川 剛気
    [nickname:protected] => 『生きる伝説』
    [hp:protected] => 300
    [img:protected] => img/fighter05.png
    [attackMin:protected] => 20
    [attackMax:protected] => 50
    [critical:protected] => 1.5
)

[25-Mar-2019 03:01:20 Asia/Tokyo] PHP Notice:  Undefined index: beatenId in C:\MAMP\htdocs\baki\index.php on line 192
[25-Mar-2019 03:01:20 Asia/Tokyo] PHP Warning:  Invalid argument supplied for foreach() in C:\MAMP\htdocs\baki\index.php on line 192
[25-Mar-2019 03:01:20 Asia/Tokyo] PHP Deprecated:  Non-static method History::set() should not be called statically in C:\MAMP\htdocs\baki\index.php on line 203
[25-Mar-2019 03:01:20 Asia/Tokyo] 登場した敵キャラ：Monster Object
(
    [name:protected] => ビスケット・オリバ
    [nickname:protected] => 『ミスターアンチェイン』
    [hp:protected] => 240
    [img:protected] => img/monster06.png
    [attackMin:protected] => 5
    [attackMax:protected] => 100
    [critical:protected] => 9
)

[25-Mar-2019 03:05:29 Asia/Tokyo] PHP Notice:  Undefined index: fighter in C:\MAMP\htdocs\baki\index.php on line 224
[25-Mar-2019 03:05:29 Asia/Tokyo] POSTされたッ！
[25-Mar-2019 03:05:29 Asia/Tokyo] スタート画面に戻ります
[25-Mar-2019 03:26:01 Asia/Tokyo] PHP Notice:  Undefined variable: nameshort in C:\MAMP\htdocs\baki\index.php on line 110
[25-Mar-2019 03:26:01 Asia/Tokyo] PHP Notice:  Undefined variable: nameshort in C:\MAMP\htdocs\baki\index.php on line 110
[25-Mar-2019 03:26:01 Asia/Tokyo] PHP Notice:  Undefined variable: nameshort in C:\MAMP\htdocs\baki\index.php on line 110
[25-Mar-2019 03:26:01 Asia/Tokyo] PHP Notice:  Undefined variable: nameshort in C:\MAMP\htdocs\baki\index.php on line 110
[25-Mar-2019 03:26:01 Asia/Tokyo] PHP Notice:  Undefined variable: nameshort in C:\MAMP\htdocs\baki\index.php on line 110
[25-Mar-2019 03:26:01 Asia/Tokyo] PHP Notice:  Undefined variable: nameshort in C:\MAMP\htdocs\baki\index.php on line 110
[25-Mar-2019 03:26:01 Asia/Tokyo] PHP Notice:  Undefined variable: nameshort in C:\MAMP\htdocs\baki\index.php on line 110
[25-Mar-2019 03:26:01 Asia/Tokyo] PHP Notice:  Undefined variable: nameshort in C:\MAMP\htdocs\baki\index.php on line 110
[25-Mar-2019 03:26:02 Asia/Tokyo] PHP Notice:  Undefined variable: nameshort in C:\MAMP\htdocs\baki\index.php on line 110
[25-Mar-2019 03:26:02 Asia/Tokyo] PHP Notice:  Undefined variable: nameshort in C:\MAMP\htdocs\baki\index.php on line 110
[25-Mar-2019 03:26:02 Asia/Tokyo] PHP Notice:  Undefined variable: nameshort in C:\MAMP\htdocs\baki\index.php on line 110
[25-Mar-2019 03:26:02 Asia/Tokyo] PHP Notice:  Undefined variable: nameshort in C:\MAMP\htdocs\baki\index.php on line 110
[25-Mar-2019 03:26:02 Asia/Tokyo] PHP Notice:  Undefined variable: nameshort in C:\MAMP\htdocs\baki\index.php on line 110
[25-Mar-2019 03:26:02 Asia/Tokyo] PHP Notice:  Undefined variable: nameshort in C:\MAMP\htdocs\baki\index.php on line 110
[25-Mar-2019 03:26:02 Asia/Tokyo] PHP Notice:  Undefined variable: nameshort in C:\MAMP\htdocs\baki\index.php on line 110
[25-Mar-2019 03:26:02 Asia/Tokyo] PHP Notice:  Undefined variable: nameshort in C:\MAMP\htdocs\baki\index.php on line 110
[25-Mar-2019 03:26:02 Asia/Tokyo] POSTされたッ！
[25-Mar-2019 03:26:02 Asia/Tokyo] 選択したキャラ：Fighter Object
(
    [imgFace:protected] => img/fighter03_face.png
    [tension:protected] => 1
    [name:protected] => 愚地 独歩
    [nickname:protected] => 『武神』
    [hp:protected] => 450
    [img:protected] => img/fighter03.png
    [attackMin:protected] => 30
    [attackMax:protected] => 80
    [critical:protected] => 4
    [nameShort] => 独歩
    [description] => 実戦空手『神心会』の創始者で、『人食い愚地』の異名を取る。かつてはシベリアトラを素手で屠ったことも。
)

[25-Mar-2019 03:26:02 Asia/Tokyo] PHP Notice:  Undefined index: beatenId in C:\MAMP\htdocs\baki\index.php on line 201
[25-Mar-2019 03:26:02 Asia/Tokyo] PHP Warning:  Invalid argument supplied for foreach() in C:\MAMP\htdocs\baki\index.php on line 201
[25-Mar-2019 03:26:02 Asia/Tokyo] PHP Deprecated:  Non-static method History::set() should not be called statically in C:\MAMP\htdocs\baki\index.php on line 212
[25-Mar-2019 03:26:02 Asia/Tokyo] 登場した敵キャラ：Monster Object
(
    [name:protected] => ジャック・ハンマー
    [nickname:protected] => 『鬼の血を継ぐ戦士』
    [hp:protected] => 220
    [img:protected] => img/monster07.png
    [attackMin:protected] => 30
    [attackMax:protected] => 55
    [critical:protected] => 9
    [nameShort] => 
)

[25-Mar-2019 03:26:06 Asia/Tokyo] PHP Notice:  Undefined variable: nameshort in C:\MAMP\htdocs\baki\index.php on line 110
[25-Mar-2019 03:26:06 Asia/Tokyo] PHP Notice:  Undefined variable: nameshort in C:\MAMP\htdocs\baki\index.php on line 110
[25-Mar-2019 03:26:06 Asia/Tokyo] PHP Notice:  Undefined variable: nameshort in C:\MAMP\htdocs\baki\index.php on line 110
[25-Mar-2019 03:26:06 Asia/Tokyo] PHP Notice:  Undefined variable: nameshort in C:\MAMP\htdocs\baki\index.php on line 110
[25-Mar-2019 03:26:06 Asia/Tokyo] PHP Notice:  Undefined variable: nameshort in C:\MAMP\htdocs\baki\index.php on line 110
[25-Mar-2019 03:26:06 Asia/Tokyo] PHP Notice:  Undefined variable: nameshort in C:\MAMP\htdocs\baki\index.php on line 110
[25-Mar-2019 03:26:06 Asia/Tokyo] PHP Notice:  Undefined variable: nameshort in C:\MAMP\htdocs\baki\index.php on line 110
[25-Mar-2019 03:26:06 Asia/Tokyo] PHP Notice:  Undefined variable: nameshort in C:\MAMP\htdocs\baki\index.php on line 110
[25-Mar-2019 03:26:06 Asia/Tokyo] PHP Notice:  Undefined index: fighter in C:\MAMP\htdocs\baki\index.php on line 233
[25-Mar-2019 03:26:06 Asia/Tokyo] POSTされたッ！
[25-Mar-2019 03:26:06 Asia/Tokyo] スタート画面に戻ります
[25-Mar-2019 03:26:06 Asia/Tokyo] PHP Notice:  Undefined variable: nameshort in C:\MAMP\htdocs\baki\index.php on line 110
[25-Mar-2019 03:26:06 Asia/Tokyo] PHP Notice:  Undefined variable: nameshort in C:\MAMP\htdocs\baki\index.php on line 110
[25-Mar-2019 03:26:06 Asia/Tokyo] PHP Notice:  Undefined variable: nameshort in C:\MAMP\htdocs\baki\index.php on line 110
[25-Mar-2019 03:26:06 Asia/Tokyo] PHP Notice:  Undefined variable: nameshort in C:\MAMP\htdocs\baki\index.php on line 110
[25-Mar-2019 03:26:06 Asia/Tokyo] PHP Notice:  Undefined variable: nameshort in C:\MAMP\htdocs\baki\index.php on line 110
[25-Mar-2019 03:26:06 Asia/Tokyo] PHP Notice:  Undefined variable: nameshort in C:\MAMP\htdocs\baki\index.php on line 110
[25-Mar-2019 03:26:06 Asia/Tokyo] PHP Notice:  Undefined variable: nameshort in C:\MAMP\htdocs\baki\index.php on line 110
[25-Mar-2019 03:26:06 Asia/Tokyo] PHP Notice:  Undefined variable: nameshort in C:\MAMP\htdocs\baki\index.php on line 110
[25-Mar-2019 03:26:39 Asia/Tokyo] PHP Notice:  Undefined variable: nameshort in C:\MAMP\htdocs\baki\index.php on line 110
[25-Mar-2019 03:26:39 Asia/Tokyo] PHP Notice:  Undefined variable: nameshort in C:\MAMP\htdocs\baki\index.php on line 110
[25-Mar-2019 03:26:39 Asia/Tokyo] PHP Notice:  Undefined variable: nameshort in C:\MAMP\htdocs\baki\index.php on line 110
[25-Mar-2019 03:26:39 Asia/Tokyo] PHP Notice:  Undefined variable: nameshort in C:\MAMP\htdocs\baki\index.php on line 110
[25-Mar-2019 03:26:39 Asia/Tokyo] PHP Notice:  Undefined variable: nameshort in C:\MAMP\htdocs\baki\index.php on line 110
[25-Mar-2019 03:26:39 Asia/Tokyo] PHP Notice:  Undefined variable: nameshort in C:\MAMP\htdocs\baki\index.php on line 110
[25-Mar-2019 03:26:39 Asia/Tokyo] PHP Notice:  Undefined variable: nameshort in C:\MAMP\htdocs\baki\index.php on line 110
[25-Mar-2019 03:26:39 Asia/Tokyo] PHP Notice:  Undefined variable: nameshort in C:\MAMP\htdocs\baki\index.php on line 110
[25-Mar-2019 03:26:54 Asia/Tokyo] PHP Notice:  Undefined variable: nameshort in C:\MAMP\htdocs\baki\index.php on line 110
[25-Mar-2019 03:26:54 Asia/Tokyo] PHP Notice:  Undefined variable: nameshort in C:\MAMP\htdocs\baki\index.php on line 110
[25-Mar-2019 03:26:54 Asia/Tokyo] PHP Notice:  Undefined variable: nameshort in C:\MAMP\htdocs\baki\index.php on line 110
[25-Mar-2019 03:26:54 Asia/Tokyo] PHP Notice:  Undefined variable: nameshort in C:\MAMP\htdocs\baki\index.php on line 110
[25-Mar-2019 03:26:54 Asia/Tokyo] PHP Notice:  Undefined variable: nameshort in C:\MAMP\htdocs\baki\index.php on line 110
[25-Mar-2019 03:26:54 Asia/Tokyo] PHP Notice:  Undefined variable: nameshort in C:\MAMP\htdocs\baki\index.php on line 110
[25-Mar-2019 03:26:54 Asia/Tokyo] PHP Notice:  Undefined variable: nameshort in C:\MAMP\htdocs\baki\index.php on line 110
[25-Mar-2019 03:26:54 Asia/Tokyo] PHP Notice:  Undefined variable: nameshort in C:\MAMP\htdocs\baki\index.php on line 110
[25-Mar-2019 03:26:54 Asia/Tokyo] PHP Notice:  Undefined variable: nameshort in C:\MAMP\htdocs\baki\index.php on line 110
[25-Mar-2019 03:26:54 Asia/Tokyo] PHP Notice:  Undefined variable: nameshort in C:\MAMP\htdocs\baki\index.php on line 110
[25-Mar-2019 03:26:54 Asia/Tokyo] PHP Notice:  Undefined variable: nameshort in C:\MAMP\htdocs\baki\index.php on line 110
[25-Mar-2019 03:26:54 Asia/Tokyo] PHP Notice:  Undefined variable: nameshort in C:\MAMP\htdocs\baki\index.php on line 110
[25-Mar-2019 03:26:54 Asia/Tokyo] PHP Notice:  Undefined variable: nameshort in C:\MAMP\htdocs\baki\index.php on line 110
[25-Mar-2019 03:26:54 Asia/Tokyo] PHP Notice:  Undefined variable: nameshort in C:\MAMP\htdocs\baki\index.php on line 110
[25-Mar-2019 03:26:54 Asia/Tokyo] PHP Notice:  Undefined variable: nameshort in C:\MAMP\htdocs\baki\index.php on line 110
[25-Mar-2019 03:26:54 Asia/Tokyo] PHP Notice:  Undefined variable: nameshort in C:\MAMP\htdocs\baki\index.php on line 110
[25-Mar-2019 03:26:54 Asia/Tokyo] PHP Notice:  Undefined index: fighter in C:\MAMP\htdocs\baki\index.php on line 233
[25-Mar-2019 03:26:54 Asia/Tokyo] POSTされたッ！
[25-Mar-2019 03:26:55 Asia/Tokyo] PHP Notice:  Undefined variable: nameshort in C:\MAMP\htdocs\baki\index.php on line 110
[25-Mar-2019 03:26:55 Asia/Tokyo] PHP Notice:  Undefined variable: nameshort in C:\MAMP\htdocs\baki\index.php on line 110
[25-Mar-2019 03:26:55 Asia/Tokyo] PHP Notice:  Undefined variable: nameshort in C:\MAMP\htdocs\baki\index.php on line 110
[25-Mar-2019 03:26:55 Asia/Tokyo] PHP Notice:  Undefined variable: nameshort in C:\MAMP\htdocs\baki\index.php on line 110
[25-Mar-2019 03:26:55 Asia/Tokyo] PHP Notice:  Undefined variable: nameshort in C:\MAMP\htdocs\baki\index.php on line 110
[25-Mar-2019 03:26:55 Asia/Tokyo] PHP Notice:  Undefined variable: nameshort in C:\MAMP\htdocs\baki\index.php on line 110
[25-Mar-2019 03:26:55 Asia/Tokyo] PHP Notice:  Undefined variable: nameshort in C:\MAMP\htdocs\baki\index.php on line 110
[25-Mar-2019 03:26:55 Asia/Tokyo] PHP Notice:  Undefined variable: nameshort in C:\MAMP\htdocs\baki\index.php on line 110
[25-Mar-2019 03:26:55 Asia/Tokyo] PHP Notice:  Undefined index: fighter in C:\MAMP\htdocs\baki\index.php on line 233
[25-Mar-2019 03:26:55 Asia/Tokyo] POSTされたッ！
[25-Mar-2019 03:26:56 Asia/Tokyo] PHP Notice:  Undefined variable: nameshort in C:\MAMP\htdocs\baki\index.php on line 110
[25-Mar-2019 03:26:56 Asia/Tokyo] PHP Notice:  Undefined variable: nameshort in C:\MAMP\htdocs\baki\index.php on line 110
[25-Mar-2019 03:26:56 Asia/Tokyo] PHP Notice:  Undefined variable: nameshort in C:\MAMP\htdocs\baki\index.php on line 110
[25-Mar-2019 03:26:56 Asia/Tokyo] PHP Notice:  Undefined variable: nameshort in C:\MAMP\htdocs\baki\index.php on line 110
[25-Mar-2019 03:26:56 Asia/Tokyo] PHP Notice:  Undefined variable: nameshort in C:\MAMP\htdocs\baki\index.php on line 110
[25-Mar-2019 03:26:56 Asia/Tokyo] PHP Notice:  Undefined variable: nameshort in C:\MAMP\htdocs\baki\index.php on line 110
[25-Mar-2019 03:26:56 Asia/Tokyo] PHP Notice:  Undefined variable: nameshort in C:\MAMP\htdocs\baki\index.php on line 110
[25-Mar-2019 03:26:56 Asia/Tokyo] PHP Notice:  Undefined variable: nameshort in C:\MAMP\htdocs\baki\index.php on line 110
[25-Mar-2019 03:26:56 Asia/Tokyo] PHP Notice:  Undefined index: fighter in C:\MAMP\htdocs\baki\index.php on line 233
[25-Mar-2019 03:26:56 Asia/Tokyo] POSTされたッ！
[25-Mar-2019 03:26:56 Asia/Tokyo] PHP Notice:  Undefined variable: nameshort in C:\MAMP\htdocs\baki\index.php on line 110
[25-Mar-2019 03:26:56 Asia/Tokyo] PHP Notice:  Undefined variable: nameshort in C:\MAMP\htdocs\baki\index.php on line 110
[25-Mar-2019 03:26:56 Asia/Tokyo] PHP Notice:  Undefined variable: nameshort in C:\MAMP\htdocs\baki\index.php on line 110
[25-Mar-2019 03:26:56 Asia/Tokyo] PHP Notice:  Undefined variable: nameshort in C:\MAMP\htdocs\baki\index.php on line 110
[25-Mar-2019 03:26:56 Asia/Tokyo] PHP Notice:  Undefined variable: nameshort in C:\MAMP\htdocs\baki\index.php on line 110
[25-Mar-2019 03:26:56 Asia/Tokyo] PHP Notice:  Undefined variable: nameshort in C:\MAMP\htdocs\baki\index.php on line 110
[25-Mar-2019 03:26:56 Asia/Tokyo] PHP Notice:  Undefined variable: nameshort in C:\MAMP\htdocs\baki\index.php on line 110
[25-Mar-2019 03:26:56 Asia/Tokyo] PHP Notice:  Undefined variable: nameshort in C:\MAMP\htdocs\baki\index.php on line 110
[25-Mar-2019 03:26:56 Asia/Tokyo] PHP Notice:  Undefined index: fighter in C:\MAMP\htdocs\baki\index.php on line 233
[25-Mar-2019 03:26:56 Asia/Tokyo] POSTされたッ！
[25-Mar-2019 03:27:03 Asia/Tokyo] PHP Notice:  Undefined variable: nameshort in C:\MAMP\htdocs\baki\index.php on line 110
[25-Mar-2019 03:27:03 Asia/Tokyo] PHP Notice:  Undefined variable: nameshort in C:\MAMP\htdocs\baki\index.php on line 110
[25-Mar-2019 03:27:03 Asia/Tokyo] PHP Notice:  Undefined variable: nameshort in C:\MAMP\htdocs\baki\index.php on line 110
[25-Mar-2019 03:27:03 Asia/Tokyo] PHP Notice:  Undefined variable: nameshort in C:\MAMP\htdocs\baki\index.php on line 110
[25-Mar-2019 03:27:03 Asia/Tokyo] PHP Notice:  Undefined variable: nameshort in C:\MAMP\htdocs\baki\index.php on line 110
[25-Mar-2019 03:27:03 Asia/Tokyo] PHP Notice:  Undefined variable: nameshort in C:\MAMP\htdocs\baki\index.php on line 110
[25-Mar-2019 03:27:03 Asia/Tokyo] PHP Notice:  Undefined variable: nameshort in C:\MAMP\htdocs\baki\index.php on line 110
[25-Mar-2019 03:27:03 Asia/Tokyo] PHP Notice:  Undefined variable: nameshort in C:\MAMP\htdocs\baki\index.php on line 110
[25-Mar-2019 03:27:31 Asia/Tokyo] PHP Notice:  Undefined variable: nameshort in C:\MAMP\htdocs\baki\index.php on line 110
[25-Mar-2019 03:27:31 Asia/Tokyo] PHP Notice:  Undefined variable: nameshort in C:\MAMP\htdocs\baki\index.php on line 110
[25-Mar-2019 03:27:31 Asia/Tokyo] PHP Notice:  Undefined variable: nameshort in C:\MAMP\htdocs\baki\index.php on line 110
[25-Mar-2019 03:27:31 Asia/Tokyo] PHP Notice:  Undefined variable: nameshort in C:\MAMP\htdocs\baki\index.php on line 110
[25-Mar-2019 03:27:31 Asia/Tokyo] PHP Notice:  Undefined variable: nameshort in C:\MAMP\htdocs\baki\index.php on line 110
[25-Mar-2019 03:27:31 Asia/Tokyo] PHP Notice:  Undefined variable: nameshort in C:\MAMP\htdocs\baki\index.php on line 110
[25-Mar-2019 03:27:31 Asia/Tokyo] PHP Notice:  Undefined variable: nameshort in C:\MAMP\htdocs\baki\index.php on line 110
[25-Mar-2019 03:27:31 Asia/Tokyo] PHP Notice:  Undefined variable: nameshort in C:\MAMP\htdocs\baki\index.php on line 110
[25-Mar-2019 03:27:31 Asia/Tokyo] PHP Notice:  Undefined index:  in C:\MAMP\htdocs\baki\index.php on line 228
[25-Mar-2019 03:27:31 Asia/Tokyo] PHP Fatal error:  Uncaught Error: Call to a member function getNickname() on null in C:\MAMP\htdocs\baki\index.php:228
Stack trace:
#0 {main}
  thrown in C:\MAMP\htdocs\baki\index.php on line 228
[25-Mar-2019 03:27:42 Asia/Tokyo] PHP Notice:  Undefined variable: nameshort in C:\MAMP\htdocs\baki\index.php on line 110
[25-Mar-2019 03:27:42 Asia/Tokyo] PHP Notice:  Undefined variable: nameshort in C:\MAMP\htdocs\baki\index.php on line 110
[25-Mar-2019 03:27:42 Asia/Tokyo] PHP Notice:  Undefined variable: nameshort in C:\MAMP\htdocs\baki\index.php on line 110
[25-Mar-2019 03:27:42 Asia/Tokyo] PHP Notice:  Undefined variable: nameshort in C:\MAMP\htdocs\baki\index.php on line 110
[25-Mar-2019 03:27:42 Asia/Tokyo] PHP Notice:  Undefined variable: nameshort in C:\MAMP\htdocs\baki\index.php on line 110
[25-Mar-2019 03:27:42 Asia/Tokyo] PHP Notice:  Undefined variable: nameshort in C:\MAMP\htdocs\baki\index.php on line 110
[25-Mar-2019 03:27:42 Asia/Tokyo] PHP Notice:  Undefined variable: nameshort in C:\MAMP\htdocs\baki\index.php on line 110
[25-Mar-2019 03:27:42 Asia/Tokyo] PHP Notice:  Undefined variable: nameshort in C:\MAMP\htdocs\baki\index.php on line 110
[25-Mar-2019 03:27:54 Asia/Tokyo] PHP Notice:  Undefined variable: nameshort in C:\MAMP\htdocs\baki\index.php on line 110
[25-Mar-2019 03:27:54 Asia/Tokyo] PHP Notice:  Undefined variable: nameshort in C:\MAMP\htdocs\baki\index.php on line 110
[25-Mar-2019 03:27:54 Asia/Tokyo] PHP Notice:  Undefined variable: nameshort in C:\MAMP\htdocs\baki\index.php on line 110
[25-Mar-2019 03:27:54 Asia/Tokyo] PHP Notice:  Undefined variable: nameshort in C:\MAMP\htdocs\baki\index.php on line 110
[25-Mar-2019 03:27:54 Asia/Tokyo] PHP Notice:  Undefined variable: nameshort in C:\MAMP\htdocs\baki\index.php on line 110
[25-Mar-2019 03:27:54 Asia/Tokyo] PHP Notice:  Undefined variable: nameshort in C:\MAMP\htdocs\baki\index.php on line 110
[25-Mar-2019 03:27:54 Asia/Tokyo] PHP Notice:  Undefined variable: nameshort in C:\MAMP\htdocs\baki\index.php on line 110
[25-Mar-2019 03:27:54 Asia/Tokyo] PHP Notice:  Undefined variable: nameshort in C:\MAMP\htdocs\baki\index.php on line 110
[25-Mar-2019 03:28:48 Asia/Tokyo] PHP Notice:  Undefined variable: nameshort in C:\MAMP\htdocs\baki\index.php on line 110
[25-Mar-2019 03:28:48 Asia/Tokyo] PHP Notice:  Undefined variable: nameshort in C:\MAMP\htdocs\baki\index.php on line 110
[25-Mar-2019 03:28:48 Asia/Tokyo] PHP Notice:  Undefined variable: nameshort in C:\MAMP\htdocs\baki\index.php on line 110
[25-Mar-2019 03:28:48 Asia/Tokyo] PHP Notice:  Undefined variable: nameshort in C:\MAMP\htdocs\baki\index.php on line 110
[25-Mar-2019 03:28:48 Asia/Tokyo] PHP Notice:  Undefined variable: nameshort in C:\MAMP\htdocs\baki\index.php on line 110
[25-Mar-2019 03:28:48 Asia/Tokyo] PHP Notice:  Undefined variable: nameshort in C:\MAMP\htdocs\baki\index.php on line 110
[25-Mar-2019 03:28:48 Asia/Tokyo] PHP Notice:  Undefined variable: nameshort in C:\MAMP\htdocs\baki\index.php on line 110
[25-Mar-2019 03:28:48 Asia/Tokyo] PHP Notice:  Undefined variable: nameshort in C:\MAMP\htdocs\baki\index.php on line 110
[25-Mar-2019 03:29:34 Asia/Tokyo] PHP Notice:  Undefined variable: nameshort in C:\MAMP\htdocs\baki\index.php on line 110
[25-Mar-2019 03:29:34 Asia/Tokyo] PHP Notice:  Undefined variable: nameshort in C:\MAMP\htdocs\baki\index.php on line 110
[25-Mar-2019 03:29:34 Asia/Tokyo] PHP Notice:  Undefined variable: nameshort in C:\MAMP\htdocs\baki\index.php on line 110
[25-Mar-2019 03:29:34 Asia/Tokyo] PHP Notice:  Undefined variable: nameshort in C:\MAMP\htdocs\baki\index.php on line 110
[25-Mar-2019 03:29:34 Asia/Tokyo] PHP Notice:  Undefined variable: nameshort in C:\MAMP\htdocs\baki\index.php on line 110
[25-Mar-2019 03:29:34 Asia/Tokyo] PHP Notice:  Undefined variable: nameshort in C:\MAMP\htdocs\baki\index.php on line 110
[25-Mar-2019 03:29:34 Asia/Tokyo] PHP Notice:  Undefined variable: nameshort in C:\MAMP\htdocs\baki\index.php on line 110
[25-Mar-2019 03:29:34 Asia/Tokyo] PHP Notice:  Undefined variable: nameshort in C:\MAMP\htdocs\baki\index.php on line 110
[25-Mar-2019 03:30:10 Asia/Tokyo] PHP Notice:  Undefined variable: nameshort in C:\MAMP\htdocs\baki\index.php on line 110
[25-Mar-2019 03:30:10 Asia/Tokyo] PHP Notice:  Undefined variable: nameshort in C:\MAMP\htdocs\baki\index.php on line 110
[25-Mar-2019 03:30:10 Asia/Tokyo] PHP Notice:  Undefined variable: nameshort in C:\MAMP\htdocs\baki\index.php on line 110
[25-Mar-2019 03:30:10 Asia/Tokyo] PHP Notice:  Undefined variable: nameshort in C:\MAMP\htdocs\baki\index.php on line 110
[25-Mar-2019 03:30:10 Asia/Tokyo] PHP Notice:  Undefined variable: nameshort in C:\MAMP\htdocs\baki\index.php on line 110
[25-Mar-2019 03:30:10 Asia/Tokyo] PHP Notice:  Undefined variable: nameshort in C:\MAMP\htdocs\baki\index.php on line 110
[25-Mar-2019 03:30:10 Asia/Tokyo] PHP Notice:  Undefined variable: nameshort in C:\MAMP\htdocs\baki\index.php on line 110
[25-Mar-2019 03:30:10 Asia/Tokyo] PHP Notice:  Undefined variable: nameshort in C:\MAMP\htdocs\baki\index.php on line 110
[25-Mar-2019 03:30:18 Asia/Tokyo] PHP Notice:  Undefined variable: nameshort in C:\MAMP\htdocs\baki\index.php on line 110
[25-Mar-2019 03:30:18 Asia/Tokyo] PHP Notice:  Undefined variable: nameshort in C:\MAMP\htdocs\baki\index.php on line 110
[25-Mar-2019 03:30:18 Asia/Tokyo] PHP Notice:  Undefined variable: nameshort in C:\MAMP\htdocs\baki\index.php on line 110
[25-Mar-2019 03:30:18 Asia/Tokyo] PHP Notice:  Undefined variable: nameshort in C:\MAMP\htdocs\baki\index.php on line 110
[25-Mar-2019 03:30:18 Asia/Tokyo] PHP Notice:  Undefined variable: nameshort in C:\MAMP\htdocs\baki\index.php on line 110
[25-Mar-2019 03:30:18 Asia/Tokyo] PHP Notice:  Undefined variable: nameshort in C:\MAMP\htdocs\baki\index.php on line 110
[25-Mar-2019 03:30:18 Asia/Tokyo] PHP Notice:  Undefined variable: nameshort in C:\MAMP\htdocs\baki\index.php on line 110
[25-Mar-2019 03:30:18 Asia/Tokyo] PHP Notice:  Undefined variable: nameshort in C:\MAMP\htdocs\baki\index.php on line 110
[25-Mar-2019 03:32:04 Asia/Tokyo] PHP Notice:  Undefined variable: nameshort in C:\MAMP\htdocs\baki\index.php on line 110
[25-Mar-2019 03:32:04 Asia/Tokyo] PHP Notice:  Undefined variable: nameshort in C:\MAMP\htdocs\baki\index.php on line 110
[25-Mar-2019 03:32:04 Asia/Tokyo] PHP Notice:  Undefined variable: nameshort in C:\MAMP\htdocs\baki\index.php on line 110
[25-Mar-2019 03:32:04 Asia/Tokyo] PHP Notice:  Undefined variable: nameshort in C:\MAMP\htdocs\baki\index.php on line 110
[25-Mar-2019 03:32:04 Asia/Tokyo] PHP Notice:  Undefined variable: nameshort in C:\MAMP\htdocs\baki\index.php on line 110
[25-Mar-2019 03:32:04 Asia/Tokyo] PHP Notice:  Undefined variable: nameshort in C:\MAMP\htdocs\baki\index.php on line 110
[25-Mar-2019 03:32:04 Asia/Tokyo] PHP Notice:  Undefined variable: nameshort in C:\MAMP\htdocs\baki\index.php on line 110
[25-Mar-2019 03:32:04 Asia/Tokyo] PHP Notice:  Undefined variable: nameshort in C:\MAMP\htdocs\baki\index.php on line 110
[25-Mar-2019 03:33:16 Asia/Tokyo] PHP Notice:  Undefined variable: nameshort in C:\MAMP\htdocs\baki\index.php on line 110
[25-Mar-2019 03:33:16 Asia/Tokyo] PHP Notice:  Undefined variable: nameshort in C:\MAMP\htdocs\baki\index.php on line 110
[25-Mar-2019 03:33:16 Asia/Tokyo] PHP Notice:  Undefined variable: nameshort in C:\MAMP\htdocs\baki\index.php on line 110
[25-Mar-2019 03:33:16 Asia/Tokyo] PHP Notice:  Undefined variable: nameshort in C:\MAMP\htdocs\baki\index.php on line 110
[25-Mar-2019 03:33:16 Asia/Tokyo] PHP Notice:  Undefined variable: nameshort in C:\MAMP\htdocs\baki\index.php on line 110
[25-Mar-2019 03:33:16 Asia/Tokyo] PHP Notice:  Undefined variable: nameshort in C:\MAMP\htdocs\baki\index.php on line 110
[25-Mar-2019 03:33:16 Asia/Tokyo] PHP Notice:  Undefined variable: nameshort in C:\MAMP\htdocs\baki\index.php on line 110
[25-Mar-2019 03:33:16 Asia/Tokyo] PHP Notice:  Undefined variable: nameshort in C:\MAMP\htdocs\baki\index.php on line 110
[25-Mar-2019 03:33:24 Asia/Tokyo] PHP Notice:  Undefined variable: nameshort in C:\MAMP\htdocs\baki\index.php on line 110
[25-Mar-2019 03:33:24 Asia/Tokyo] PHP Notice:  Undefined variable: nameshort in C:\MAMP\htdocs\baki\index.php on line 110
[25-Mar-2019 03:33:24 Asia/Tokyo] PHP Notice:  Undefined variable: nameshort in C:\MAMP\htdocs\baki\index.php on line 110
[25-Mar-2019 03:33:24 Asia/Tokyo] PHP Notice:  Undefined variable: nameshort in C:\MAMP\htdocs\baki\index.php on line 110
[25-Mar-2019 03:33:24 Asia/Tokyo] PHP Notice:  Undefined variable: nameshort in C:\MAMP\htdocs\baki\index.php on line 110
[25-Mar-2019 03:33:24 Asia/Tokyo] PHP Notice:  Undefined variable: nameshort in C:\MAMP\htdocs\baki\index.php on line 110
[25-Mar-2019 03:33:24 Asia/Tokyo] PHP Notice:  Undefined variable: nameshort in C:\MAMP\htdocs\baki\index.php on line 110
[25-Mar-2019 03:33:24 Asia/Tokyo] PHP Notice:  Undefined variable: nameshort in C:\MAMP\htdocs\baki\index.php on line 110
[25-Mar-2019 03:33:28 Asia/Tokyo] PHP Notice:  Undefined variable: nameshort in C:\MAMP\htdocs\baki\index.php on line 110
[25-Mar-2019 03:33:28 Asia/Tokyo] PHP Notice:  Undefined variable: nameshort in C:\MAMP\htdocs\baki\index.php on line 110
[25-Mar-2019 03:33:28 Asia/Tokyo] PHP Notice:  Undefined variable: nameshort in C:\MAMP\htdocs\baki\index.php on line 110
[25-Mar-2019 03:33:28 Asia/Tokyo] PHP Notice:  Undefined variable: nameshort in C:\MAMP\htdocs\baki\index.php on line 110
[25-Mar-2019 03:33:28 Asia/Tokyo] PHP Notice:  Undefined variable: nameshort in C:\MAMP\htdocs\baki\index.php on line 110
[25-Mar-2019 03:33:28 Asia/Tokyo] PHP Notice:  Undefined variable: nameshort in C:\MAMP\htdocs\baki\index.php on line 110
[25-Mar-2019 03:33:28 Asia/Tokyo] PHP Notice:  Undefined variable: nameshort in C:\MAMP\htdocs\baki\index.php on line 110
[25-Mar-2019 03:33:28 Asia/Tokyo] PHP Notice:  Undefined variable: nameshort in C:\MAMP\htdocs\baki\index.php on line 110
[25-Mar-2019 03:33:46 Asia/Tokyo] PHP Notice:  Undefined variable: nameshort in C:\MAMP\htdocs\baki\index.php on line 110
[25-Mar-2019 03:33:46 Asia/Tokyo] PHP Notice:  Undefined variable: nameshort in C:\MAMP\htdocs\baki\index.php on line 110
[25-Mar-2019 03:33:46 Asia/Tokyo] PHP Notice:  Undefined variable: nameshort in C:\MAMP\htdocs\baki\index.php on line 110
[25-Mar-2019 03:33:46 Asia/Tokyo] PHP Notice:  Undefined variable: nameshort in C:\MAMP\htdocs\baki\index.php on line 110
[25-Mar-2019 03:33:46 Asia/Tokyo] PHP Notice:  Undefined variable: nameshort in C:\MAMP\htdocs\baki\index.php on line 110
[25-Mar-2019 03:33:46 Asia/Tokyo] PHP Notice:  Undefined variable: nameshort in C:\MAMP\htdocs\baki\index.php on line 110
[25-Mar-2019 03:33:46 Asia/Tokyo] PHP Notice:  Undefined variable: nameshort in C:\MAMP\htdocs\baki\index.php on line 110
[25-Mar-2019 03:33:46 Asia/Tokyo] PHP Notice:  Undefined variable: nameshort in C:\MAMP\htdocs\baki\index.php on line 110
[25-Mar-2019 03:34:05 Asia/Tokyo] PHP Notice:  Undefined variable: nameshort in C:\MAMP\htdocs\baki\index.php on line 110
[25-Mar-2019 03:34:05 Asia/Tokyo] PHP Notice:  Undefined variable: nameshort in C:\MAMP\htdocs\baki\index.php on line 110
[25-Mar-2019 03:34:05 Asia/Tokyo] PHP Notice:  Undefined variable: nameshort in C:\MAMP\htdocs\baki\index.php on line 110
[25-Mar-2019 03:34:05 Asia/Tokyo] PHP Notice:  Undefined variable: nameshort in C:\MAMP\htdocs\baki\index.php on line 110
[25-Mar-2019 03:34:05 Asia/Tokyo] PHP Notice:  Undefined variable: nameshort in C:\MAMP\htdocs\baki\index.php on line 110
[25-Mar-2019 03:34:05 Asia/Tokyo] PHP Notice:  Undefined variable: nameshort in C:\MAMP\htdocs\baki\index.php on line 110
[25-Mar-2019 03:34:05 Asia/Tokyo] PHP Notice:  Undefined variable: nameshort in C:\MAMP\htdocs\baki\index.php on line 110
[25-Mar-2019 03:34:05 Asia/Tokyo] PHP Notice:  Undefined variable: nameshort in C:\MAMP\htdocs\baki\index.php on line 110
[25-Mar-2019 03:35:39 Asia/Tokyo] PHP Notice:  Undefined variable: nameshort in C:\MAMP\htdocs\baki\index.php on line 110
[25-Mar-2019 03:35:39 Asia/Tokyo] PHP Notice:  Undefined variable: nameshort in C:\MAMP\htdocs\baki\index.php on line 110
[25-Mar-2019 03:35:39 Asia/Tokyo] PHP Notice:  Undefined variable: nameshort in C:\MAMP\htdocs\baki\index.php on line 110
[25-Mar-2019 03:35:39 Asia/Tokyo] PHP Notice:  Undefined variable: nameshort in C:\MAMP\htdocs\baki\index.php on line 110
[25-Mar-2019 03:35:39 Asia/Tokyo] PHP Notice:  Undefined variable: nameshort in C:\MAMP\htdocs\baki\index.php on line 110
[25-Mar-2019 03:35:39 Asia/Tokyo] PHP Notice:  Undefined variable: nameshort in C:\MAMP\htdocs\baki\index.php on line 110
[25-Mar-2019 03:35:39 Asia/Tokyo] PHP Notice:  Undefined variable: nameshort in C:\MAMP\htdocs\baki\index.php on line 110
[25-Mar-2019 03:35:39 Asia/Tokyo] PHP Notice:  Undefined variable: nameshort in C:\MAMP\htdocs\baki\index.php on line 110
[25-Mar-2019 03:35:39 Asia/Tokyo] POSTされたッ！
[25-Mar-2019 03:35:39 Asia/Tokyo] 選択したキャラ：Fighter Object
(
    [imgFace:protected] => img/fighter04_face.png
    [tension:protected] => 2
    [name:protected] => 烈 海王
    [nickname:protected] => 『海王』
    [hp:protected] => 600
    [img:protected] => img/fighter04.png
    [attackMin:protected] => 40
    [attackMax:protected] => 80
    [critical:protected] => 5
    [nameShort] => 烈
    [description] => 中国武術界における高位の称号『海王』を名に持つ拳雄。4000年を誇る中国拳法の歴史においてNo.1といわれる天才
)

[25-Mar-2019 03:35:39 Asia/Tokyo] PHP Notice:  Undefined index: beatenId in C:\MAMP\htdocs\baki\index.php on line 201
[25-Mar-2019 03:35:39 Asia/Tokyo] PHP Warning:  Invalid argument supplied for foreach() in C:\MAMP\htdocs\baki\index.php on line 201
[25-Mar-2019 03:35:39 Asia/Tokyo] PHP Deprecated:  Non-static method History::set() should not be called statically in C:\MAMP\htdocs\baki\index.php on line 212
[25-Mar-2019 03:35:39 Asia/Tokyo] 登場した敵キャラ：WeponMonster Object
(
    [weponAttackMin:WeponMonster:private] => 10
    [weponAttackMax:WeponMonster:private] => 20
    [name:protected] => シコルスキー
    [nickname:protected] => 『極寒の地が生んだ究極のクライマー』
    [hp:protected] => 150
    [img:protected] => img/monster03.png
    [attackMin:protected] => 20
    [attackMax:protected] => 40
    [critical:protected] => 9
    [nameShort] => 
)

[25-Mar-2019 03:35:45 Asia/Tokyo] PHP Notice:  Undefined variable: nameshort in C:\MAMP\htdocs\baki\index.php on line 110
[25-Mar-2019 03:35:45 Asia/Tokyo] PHP Notice:  Undefined variable: nameshort in C:\MAMP\htdocs\baki\index.php on line 110
[25-Mar-2019 03:35:45 Asia/Tokyo] PHP Notice:  Undefined variable: nameshort in C:\MAMP\htdocs\baki\index.php on line 110
[25-Mar-2019 03:35:45 Asia/Tokyo] PHP Notice:  Undefined variable: nameshort in C:\MAMP\htdocs\baki\index.php on line 110
[25-Mar-2019 03:35:45 Asia/Tokyo] PHP Notice:  Undefined variable: nameshort in C:\MAMP\htdocs\baki\index.php on line 110
[25-Mar-2019 03:35:45 Asia/Tokyo] PHP Notice:  Undefined variable: nameshort in C:\MAMP\htdocs\baki\index.php on line 110
[25-Mar-2019 03:35:45 Asia/Tokyo] PHP Notice:  Undefined variable: nameshort in C:\MAMP\htdocs\baki\index.php on line 110
[25-Mar-2019 03:35:45 Asia/Tokyo] PHP Notice:  Undefined variable: nameshort in C:\MAMP\htdocs\baki\index.php on line 110
[25-Mar-2019 03:35:45 Asia/Tokyo] PHP Notice:  Undefined index: fighter in C:\MAMP\htdocs\baki\index.php on line 233
[25-Mar-2019 03:35:45 Asia/Tokyo] POSTされたッ！
[25-Mar-2019 03:35:45 Asia/Tokyo] スタート画面に戻ります
[25-Mar-2019 03:35:45 Asia/Tokyo] PHP Notice:  Undefined variable: nameshort in C:\MAMP\htdocs\baki\index.php on line 110
[25-Mar-2019 03:35:45 Asia/Tokyo] PHP Notice:  Undefined variable: nameshort in C:\MAMP\htdocs\baki\index.php on line 110
[25-Mar-2019 03:35:45 Asia/Tokyo] PHP Notice:  Undefined variable: nameshort in C:\MAMP\htdocs\baki\index.php on line 110
[25-Mar-2019 03:35:45 Asia/Tokyo] PHP Notice:  Undefined variable: nameshort in C:\MAMP\htdocs\baki\index.php on line 110
[25-Mar-2019 03:35:45 Asia/Tokyo] PHP Notice:  Undefined variable: nameshort in C:\MAMP\htdocs\baki\index.php on line 110
[25-Mar-2019 03:35:45 Asia/Tokyo] PHP Notice:  Undefined variable: nameshort in C:\MAMP\htdocs\baki\index.php on line 110
[25-Mar-2019 03:35:45 Asia/Tokyo] PHP Notice:  Undefined variable: nameshort in C:\MAMP\htdocs\baki\index.php on line 110
[25-Mar-2019 03:35:45 Asia/Tokyo] PHP Notice:  Undefined variable: nameshort in C:\MAMP\htdocs\baki\index.php on line 110
[25-Mar-2019 03:37:19 Asia/Tokyo] PHP Notice:  Undefined variable: nameshort in C:\MAMP\htdocs\baki\index.php on line 110
[25-Mar-2019 03:37:19 Asia/Tokyo] PHP Notice:  Undefined variable: nameshort in C:\MAMP\htdocs\baki\index.php on line 110
[25-Mar-2019 03:37:19 Asia/Tokyo] PHP Notice:  Undefined variable: nameshort in C:\MAMP\htdocs\baki\index.php on line 110
[25-Mar-2019 03:37:19 Asia/Tokyo] PHP Notice:  Undefined variable: nameshort in C:\MAMP\htdocs\baki\index.php on line 110
[25-Mar-2019 03:37:19 Asia/Tokyo] PHP Notice:  Undefined variable: nameshort in C:\MAMP\htdocs\baki\index.php on line 110
[25-Mar-2019 03:37:19 Asia/Tokyo] PHP Notice:  Undefined variable: nameshort in C:\MAMP\htdocs\baki\index.php on line 110
[25-Mar-2019 03:37:19 Asia/Tokyo] PHP Notice:  Undefined variable: nameshort in C:\MAMP\htdocs\baki\index.php on line 110
[25-Mar-2019 03:37:19 Asia/Tokyo] PHP Notice:  Undefined variable: nameshort in C:\MAMP\htdocs\baki\index.php on line 110
[25-Mar-2019 03:37:20 Asia/Tokyo] PHP Notice:  Undefined variable: nameshort in C:\MAMP\htdocs\baki\index.php on line 110
[25-Mar-2019 03:37:20 Asia/Tokyo] PHP Notice:  Undefined variable: nameshort in C:\MAMP\htdocs\baki\index.php on line 110
[25-Mar-2019 03:37:20 Asia/Tokyo] PHP Notice:  Undefined variable: nameshort in C:\MAMP\htdocs\baki\index.php on line 110
[25-Mar-2019 03:37:20 Asia/Tokyo] PHP Notice:  Undefined variable: nameshort in C:\MAMP\htdocs\baki\index.php on line 110
[25-Mar-2019 03:37:20 Asia/Tokyo] PHP Notice:  Undefined variable: nameshort in C:\MAMP\htdocs\baki\index.php on line 110
[25-Mar-2019 03:37:20 Asia/Tokyo] PHP Notice:  Undefined variable: nameshort in C:\MAMP\htdocs\baki\index.php on line 110
[25-Mar-2019 03:37:20 Asia/Tokyo] PHP Notice:  Undefined variable: nameshort in C:\MAMP\htdocs\baki\index.php on line 110
[25-Mar-2019 03:37:20 Asia/Tokyo] PHP Notice:  Undefined variable: nameshort in C:\MAMP\htdocs\baki\index.php on line 110
[25-Mar-2019 03:37:20 Asia/Tokyo] PHP Notice:  Undefined index: fighter in C:\MAMP\htdocs\baki\index.php on line 233
[25-Mar-2019 03:37:20 Asia/Tokyo] POSTされたッ！
[25-Mar-2019 03:37:22 Asia/Tokyo] PHP Notice:  Undefined variable: nameshort in C:\MAMP\htdocs\baki\index.php on line 110
[25-Mar-2019 03:37:22 Asia/Tokyo] PHP Notice:  Undefined variable: nameshort in C:\MAMP\htdocs\baki\index.php on line 110
[25-Mar-2019 03:37:22 Asia/Tokyo] PHP Notice:  Undefined variable: nameshort in C:\MAMP\htdocs\baki\index.php on line 110
[25-Mar-2019 03:37:22 Asia/Tokyo] PHP Notice:  Undefined variable: nameshort in C:\MAMP\htdocs\baki\index.php on line 110
[25-Mar-2019 03:37:22 Asia/Tokyo] PHP Notice:  Undefined variable: nameshort in C:\MAMP\htdocs\baki\index.php on line 110
[25-Mar-2019 03:37:22 Asia/Tokyo] PHP Notice:  Undefined variable: nameshort in C:\MAMP\htdocs\baki\index.php on line 110
[25-Mar-2019 03:37:22 Asia/Tokyo] PHP Notice:  Undefined variable: nameshort in C:\MAMP\htdocs\baki\index.php on line 110
[25-Mar-2019 03:37:22 Asia/Tokyo] PHP Notice:  Undefined variable: nameshort in C:\MAMP\htdocs\baki\index.php on line 110
[25-Mar-2019 03:37:22 Asia/Tokyo] PHP Notice:  Undefined index: fighter in C:\MAMP\htdocs\baki\index.php on line 233
[25-Mar-2019 03:37:22 Asia/Tokyo] POSTされたッ！
[25-Mar-2019 03:37:24 Asia/Tokyo] PHP Notice:  Undefined variable: nameshort in C:\MAMP\htdocs\baki\index.php on line 110
[25-Mar-2019 03:37:24 Asia/Tokyo] PHP Notice:  Undefined variable: nameshort in C:\MAMP\htdocs\baki\index.php on line 110
[25-Mar-2019 03:37:24 Asia/Tokyo] PHP Notice:  Undefined variable: nameshort in C:\MAMP\htdocs\baki\index.php on line 110
[25-Mar-2019 03:37:24 Asia/Tokyo] PHP Notice:  Undefined variable: nameshort in C:\MAMP\htdocs\baki\index.php on line 110
[25-Mar-2019 03:37:24 Asia/Tokyo] PHP Notice:  Undefined variable: nameshort in C:\MAMP\htdocs\baki\index.php on line 110
[25-Mar-2019 03:37:24 Asia/Tokyo] PHP Notice:  Undefined variable: nameshort in C:\MAMP\htdocs\baki\index.php on line 110
[25-Mar-2019 03:37:24 Asia/Tokyo] PHP Notice:  Undefined variable: nameshort in C:\MAMP\htdocs\baki\index.php on line 110
[25-Mar-2019 03:37:24 Asia/Tokyo] PHP Notice:  Undefined variable: nameshort in C:\MAMP\htdocs\baki\index.php on line 110
[25-Mar-2019 03:37:24 Asia/Tokyo] PHP Notice:  Undefined index: fighter in C:\MAMP\htdocs\baki\index.php on line 233
[25-Mar-2019 03:37:24 Asia/Tokyo] POSTされたッ！
[25-Mar-2019 03:38:50 Asia/Tokyo] PHP Notice:  Undefined variable: nameshort in C:\MAMP\htdocs\baki\object.php on line 110
[25-Mar-2019 03:38:50 Asia/Tokyo] PHP Notice:  Undefined variable: nameshort in C:\MAMP\htdocs\baki\object.php on line 110
[25-Mar-2019 03:38:50 Asia/Tokyo] PHP Notice:  Undefined variable: nameshort in C:\MAMP\htdocs\baki\object.php on line 110
[25-Mar-2019 03:38:50 Asia/Tokyo] PHP Notice:  Undefined variable: nameshort in C:\MAMP\htdocs\baki\object.php on line 110
[25-Mar-2019 03:38:50 Asia/Tokyo] PHP Notice:  Undefined variable: nameshort in C:\MAMP\htdocs\baki\object.php on line 110
[25-Mar-2019 03:38:50 Asia/Tokyo] PHP Notice:  Undefined variable: nameshort in C:\MAMP\htdocs\baki\object.php on line 110
[25-Mar-2019 03:38:50 Asia/Tokyo] PHP Notice:  Undefined variable: nameshort in C:\MAMP\htdocs\baki\object.php on line 110
[25-Mar-2019 03:38:50 Asia/Tokyo] PHP Notice:  Undefined variable: nameshort in C:\MAMP\htdocs\baki\object.php on line 110
[25-Mar-2019 03:38:57 Asia/Tokyo] PHP Notice:  Undefined variable: nameshort in C:\MAMP\htdocs\baki\object.php on line 110
[25-Mar-2019 03:38:57 Asia/Tokyo] PHP Notice:  Undefined variable: nameshort in C:\MAMP\htdocs\baki\object.php on line 110
[25-Mar-2019 03:38:57 Asia/Tokyo] PHP Notice:  Undefined variable: nameshort in C:\MAMP\htdocs\baki\object.php on line 110
[25-Mar-2019 03:38:57 Asia/Tokyo] PHP Notice:  Undefined variable: nameshort in C:\MAMP\htdocs\baki\object.php on line 110
[25-Mar-2019 03:38:57 Asia/Tokyo] PHP Notice:  Undefined variable: nameshort in C:\MAMP\htdocs\baki\object.php on line 110
[25-Mar-2019 03:38:57 Asia/Tokyo] PHP Notice:  Undefined variable: nameshort in C:\MAMP\htdocs\baki\object.php on line 110
[25-Mar-2019 03:38:57 Asia/Tokyo] PHP Notice:  Undefined variable: nameshort in C:\MAMP\htdocs\baki\object.php on line 110
[25-Mar-2019 03:38:57 Asia/Tokyo] PHP Notice:  Undefined variable: nameshort in C:\MAMP\htdocs\baki\object.php on line 110
[25-Mar-2019 03:38:57 Asia/Tokyo] POSTされたッ！
[25-Mar-2019 03:38:57 Asia/Tokyo] 選択したキャラ：Fighter Object
(
    [imgFace:protected] => img/fighter03_face.png
    [tension:protected] => 1
    [name:protected] => 愚地 独歩
    [nickname:protected] => 『武神』
    [hp:protected] => 450
    [img:protected] => img/fighter03.png
    [attackMin:protected] => 30
    [attackMax:protected] => 80
    [critical:protected] => 4
    [nameShort] => 独歩
    [description] => 実戦空手『神心会』の創始者で、『人食い愚地』の異名を取る。かつてはシベリアトラを素手で屠ったことも。
)

[25-Mar-2019 03:38:57 Asia/Tokyo] PHP Notice:  Undefined index: beatenId in C:\MAMP\htdocs\baki\object.php on line 201
[25-Mar-2019 03:38:57 Asia/Tokyo] PHP Warning:  Invalid argument supplied for foreach() in C:\MAMP\htdocs\baki\object.php on line 201
[25-Mar-2019 03:38:57 Asia/Tokyo] PHP Deprecated:  Non-static method History::set() should not be called statically in C:\MAMP\htdocs\baki\object.php on line 212
[25-Mar-2019 03:38:57 Asia/Tokyo] 登場した敵キャラ：Monster Object
(
    [name:protected] => 範馬勇次郎
    [nickname:protected] => 『地上最強の生物』
    [hp:protected] => 300
    [img:protected] => img/monster08.png
    [attackMin:protected] => 100
    [attackMax:protected] => 300
    [critical:protected] => 9
    [nameShort] => 
)

[25-Mar-2019 03:38:59 Asia/Tokyo] PHP Notice:  Undefined variable: nameshort in C:\MAMP\htdocs\baki\object.php on line 110
[25-Mar-2019 03:38:59 Asia/Tokyo] PHP Notice:  Undefined variable: nameshort in C:\MAMP\htdocs\baki\object.php on line 110
[25-Mar-2019 03:38:59 Asia/Tokyo] PHP Notice:  Undefined variable: nameshort in C:\MAMP\htdocs\baki\object.php on line 110
[25-Mar-2019 03:38:59 Asia/Tokyo] PHP Notice:  Undefined variable: nameshort in C:\MAMP\htdocs\baki\object.php on line 110
[25-Mar-2019 03:38:59 Asia/Tokyo] PHP Notice:  Undefined variable: nameshort in C:\MAMP\htdocs\baki\object.php on line 110
[25-Mar-2019 03:38:59 Asia/Tokyo] PHP Notice:  Undefined variable: nameshort in C:\MAMP\htdocs\baki\object.php on line 110
[25-Mar-2019 03:38:59 Asia/Tokyo] PHP Notice:  Undefined variable: nameshort in C:\MAMP\htdocs\baki\object.php on line 110
[25-Mar-2019 03:38:59 Asia/Tokyo] PHP Notice:  Undefined variable: nameshort in C:\MAMP\htdocs\baki\object.php on line 110
[25-Mar-2019 03:38:59 Asia/Tokyo] PHP Notice:  Undefined index: fighter in C:\MAMP\htdocs\baki\object.php on line 233
[25-Mar-2019 03:38:59 Asia/Tokyo] POSTされたッ！
[25-Mar-2019 03:38:59 Asia/Tokyo] スタート画面に戻ります
[25-Mar-2019 03:38:59 Asia/Tokyo] PHP Notice:  Undefined variable: nameshort in C:\MAMP\htdocs\baki\object.php on line 110
[25-Mar-2019 03:38:59 Asia/Tokyo] PHP Notice:  Undefined variable: nameshort in C:\MAMP\htdocs\baki\object.php on line 110
[25-Mar-2019 03:38:59 Asia/Tokyo] PHP Notice:  Undefined variable: nameshort in C:\MAMP\htdocs\baki\object.php on line 110
[25-Mar-2019 03:38:59 Asia/Tokyo] PHP Notice:  Undefined variable: nameshort in C:\MAMP\htdocs\baki\object.php on line 110
[25-Mar-2019 03:38:59 Asia/Tokyo] PHP Notice:  Undefined variable: nameshort in C:\MAMP\htdocs\baki\object.php on line 110
[25-Mar-2019 03:38:59 Asia/Tokyo] PHP Notice:  Undefined variable: nameshort in C:\MAMP\htdocs\baki\object.php on line 110
[25-Mar-2019 03:38:59 Asia/Tokyo] PHP Notice:  Undefined variable: nameshort in C:\MAMP\htdocs\baki\object.php on line 110
[25-Mar-2019 03:38:59 Asia/Tokyo] PHP Notice:  Undefined variable: nameshort in C:\MAMP\htdocs\baki\object.php on line 110
[25-Mar-2019 03:39:27 Asia/Tokyo] PHP Notice:  Undefined variable: nameshort in C:\MAMP\htdocs\baki\object.php on line 110
[25-Mar-2019 03:39:27 Asia/Tokyo] PHP Notice:  Undefined variable: nameshort in C:\MAMP\htdocs\baki\object.php on line 110
[25-Mar-2019 03:39:27 Asia/Tokyo] PHP Notice:  Undefined variable: nameshort in C:\MAMP\htdocs\baki\object.php on line 110
[25-Mar-2019 03:39:27 Asia/Tokyo] PHP Notice:  Undefined variable: nameshort in C:\MAMP\htdocs\baki\object.php on line 110
[25-Mar-2019 03:39:27 Asia/Tokyo] PHP Notice:  Undefined variable: nameshort in C:\MAMP\htdocs\baki\object.php on line 110
[25-Mar-2019 03:39:27 Asia/Tokyo] PHP Notice:  Undefined variable: nameshort in C:\MAMP\htdocs\baki\object.php on line 110
[25-Mar-2019 03:39:27 Asia/Tokyo] PHP Notice:  Undefined variable: nameshort in C:\MAMP\htdocs\baki\object.php on line 110
[25-Mar-2019 03:39:27 Asia/Tokyo] PHP Notice:  Undefined variable: nameshort in C:\MAMP\htdocs\baki\object.php on line 110
[25-Mar-2019 03:39:28 Asia/Tokyo] PHP Notice:  Undefined variable: nameshort in C:\MAMP\htdocs\baki\object.php on line 110
[25-Mar-2019 03:39:28 Asia/Tokyo] PHP Notice:  Undefined variable: nameshort in C:\MAMP\htdocs\baki\object.php on line 110
[25-Mar-2019 03:39:28 Asia/Tokyo] PHP Notice:  Undefined variable: nameshort in C:\MAMP\htdocs\baki\object.php on line 110
[25-Mar-2019 03:39:28 Asia/Tokyo] PHP Notice:  Undefined variable: nameshort in C:\MAMP\htdocs\baki\object.php on line 110
[25-Mar-2019 03:39:28 Asia/Tokyo] PHP Notice:  Undefined variable: nameshort in C:\MAMP\htdocs\baki\object.php on line 110
[25-Mar-2019 03:39:28 Asia/Tokyo] PHP Notice:  Undefined variable: nameshort in C:\MAMP\htdocs\baki\object.php on line 110
[25-Mar-2019 03:39:28 Asia/Tokyo] PHP Notice:  Undefined variable: nameshort in C:\MAMP\htdocs\baki\object.php on line 110
[25-Mar-2019 03:39:28 Asia/Tokyo] PHP Notice:  Undefined variable: nameshort in C:\MAMP\htdocs\baki\object.php on line 110
[25-Mar-2019 03:39:28 Asia/Tokyo] PHP Notice:  Undefined index: fighter in C:\MAMP\htdocs\baki\object.php on line 233
[25-Mar-2019 03:39:28 Asia/Tokyo] POSTされたッ！
[25-Mar-2019 03:39:29 Asia/Tokyo] PHP Notice:  Undefined variable: nameshort in C:\MAMP\htdocs\baki\object.php on line 110
[25-Mar-2019 03:39:29 Asia/Tokyo] PHP Notice:  Undefined variable: nameshort in C:\MAMP\htdocs\baki\object.php on line 110
[25-Mar-2019 03:39:29 Asia/Tokyo] PHP Notice:  Undefined variable: nameshort in C:\MAMP\htdocs\baki\object.php on line 110
[25-Mar-2019 03:39:29 Asia/Tokyo] PHP Notice:  Undefined variable: nameshort in C:\MAMP\htdocs\baki\object.php on line 110
[25-Mar-2019 03:39:29 Asia/Tokyo] PHP Notice:  Undefined variable: nameshort in C:\MAMP\htdocs\baki\object.php on line 110
[25-Mar-2019 03:39:29 Asia/Tokyo] PHP Notice:  Undefined variable: nameshort in C:\MAMP\htdocs\baki\object.php on line 110
[25-Mar-2019 03:39:29 Asia/Tokyo] PHP Notice:  Undefined variable: nameshort in C:\MAMP\htdocs\baki\object.php on line 110
[25-Mar-2019 03:39:29 Asia/Tokyo] PHP Notice:  Undefined variable: nameshort in C:\MAMP\htdocs\baki\object.php on line 110
[25-Mar-2019 03:39:29 Asia/Tokyo] PHP Notice:  Undefined index: fighter in C:\MAMP\htdocs\baki\object.php on line 233
[25-Mar-2019 03:39:29 Asia/Tokyo] POSTされたッ！
[25-Mar-2019 03:39:33 Asia/Tokyo] PHP Notice:  Undefined variable: nameshort in C:\MAMP\htdocs\baki\object.php on line 110
[25-Mar-2019 03:39:33 Asia/Tokyo] PHP Notice:  Undefined variable: nameshort in C:\MAMP\htdocs\baki\object.php on line 110
[25-Mar-2019 03:39:33 Asia/Tokyo] PHP Notice:  Undefined variable: nameshort in C:\MAMP\htdocs\baki\object.php on line 110
[25-Mar-2019 03:39:33 Asia/Tokyo] PHP Notice:  Undefined variable: nameshort in C:\MAMP\htdocs\baki\object.php on line 110
[25-Mar-2019 03:39:33 Asia/Tokyo] PHP Notice:  Undefined variable: nameshort in C:\MAMP\htdocs\baki\object.php on line 110
[25-Mar-2019 03:39:33 Asia/Tokyo] PHP Notice:  Undefined variable: nameshort in C:\MAMP\htdocs\baki\object.php on line 110
[25-Mar-2019 03:39:33 Asia/Tokyo] PHP Notice:  Undefined variable: nameshort in C:\MAMP\htdocs\baki\object.php on line 110
[25-Mar-2019 03:39:33 Asia/Tokyo] PHP Notice:  Undefined variable: nameshort in C:\MAMP\htdocs\baki\object.php on line 110
[25-Mar-2019 03:39:33 Asia/Tokyo] PHP Notice:  Undefined index: fighter in C:\MAMP\htdocs\baki\object.php on line 233
[25-Mar-2019 03:39:33 Asia/Tokyo] POSTされたッ！
[25-Mar-2019 03:40:38 Asia/Tokyo] PHP Notice:  Undefined variable: nameshort in C:\MAMP\htdocs\baki\object.php on line 110
[25-Mar-2019 03:40:38 Asia/Tokyo] PHP Notice:  Undefined variable: nameshort in C:\MAMP\htdocs\baki\object.php on line 110
[25-Mar-2019 03:40:38 Asia/Tokyo] PHP Notice:  Undefined variable: nameshort in C:\MAMP\htdocs\baki\object.php on line 110
[25-Mar-2019 03:40:38 Asia/Tokyo] PHP Notice:  Undefined variable: nameshort in C:\MAMP\htdocs\baki\object.php on line 110
[25-Mar-2019 03:40:38 Asia/Tokyo] PHP Notice:  Undefined variable: nameshort in C:\MAMP\htdocs\baki\object.php on line 110
[25-Mar-2019 03:40:38 Asia/Tokyo] PHP Notice:  Undefined variable: nameshort in C:\MAMP\htdocs\baki\object.php on line 110
[25-Mar-2019 03:40:38 Asia/Tokyo] PHP Notice:  Undefined variable: nameshort in C:\MAMP\htdocs\baki\object.php on line 110
[25-Mar-2019 03:40:38 Asia/Tokyo] PHP Notice:  Undefined variable: nameshort in C:\MAMP\htdocs\baki\object.php on line 110
[25-Mar-2019 03:40:51 Asia/Tokyo] PHP Notice:  Undefined variable: nameshort in C:\MAMP\htdocs\baki\object.php on line 110
[25-Mar-2019 03:40:51 Asia/Tokyo] PHP Notice:  Undefined variable: nameshort in C:\MAMP\htdocs\baki\object.php on line 110
[25-Mar-2019 03:40:51 Asia/Tokyo] PHP Notice:  Undefined variable: nameshort in C:\MAMP\htdocs\baki\object.php on line 110
[25-Mar-2019 03:40:51 Asia/Tokyo] PHP Notice:  Undefined variable: nameshort in C:\MAMP\htdocs\baki\object.php on line 110
[25-Mar-2019 03:40:51 Asia/Tokyo] PHP Notice:  Undefined variable: nameshort in C:\MAMP\htdocs\baki\object.php on line 110
[25-Mar-2019 03:40:51 Asia/Tokyo] PHP Notice:  Undefined variable: nameshort in C:\MAMP\htdocs\baki\object.php on line 110
[25-Mar-2019 03:40:51 Asia/Tokyo] PHP Notice:  Undefined variable: nameshort in C:\MAMP\htdocs\baki\object.php on line 110
[25-Mar-2019 03:40:51 Asia/Tokyo] PHP Notice:  Undefined variable: nameshort in C:\MAMP\htdocs\baki\object.php on line 110
[25-Mar-2019 03:40:51 Asia/Tokyo] PHP Notice:  Undefined variable: nameshort in C:\MAMP\htdocs\baki\object.php on line 110
[25-Mar-2019 03:40:51 Asia/Tokyo] PHP Notice:  Undefined variable: nameshort in C:\MAMP\htdocs\baki\object.php on line 110
[25-Mar-2019 03:40:51 Asia/Tokyo] PHP Notice:  Undefined variable: nameshort in C:\MAMP\htdocs\baki\object.php on line 110
[25-Mar-2019 03:40:51 Asia/Tokyo] PHP Notice:  Undefined variable: nameshort in C:\MAMP\htdocs\baki\object.php on line 110
[25-Mar-2019 03:40:51 Asia/Tokyo] PHP Notice:  Undefined variable: nameshort in C:\MAMP\htdocs\baki\object.php on line 110
[25-Mar-2019 03:40:51 Asia/Tokyo] PHP Notice:  Undefined variable: nameshort in C:\MAMP\htdocs\baki\object.php on line 110
[25-Mar-2019 03:40:51 Asia/Tokyo] PHP Notice:  Undefined variable: nameshort in C:\MAMP\htdocs\baki\object.php on line 110
[25-Mar-2019 03:40:51 Asia/Tokyo] PHP Notice:  Undefined variable: nameshort in C:\MAMP\htdocs\baki\object.php on line 110
[25-Mar-2019 03:40:51 Asia/Tokyo] PHP Notice:  Undefined index: fighter in C:\MAMP\htdocs\baki\object.php on line 233
[25-Mar-2019 03:40:51 Asia/Tokyo] POSTされたッ！
[25-Mar-2019 03:40:52 Asia/Tokyo] PHP Notice:  Undefined variable: nameshort in C:\MAMP\htdocs\baki\object.php on line 110
[25-Mar-2019 03:40:52 Asia/Tokyo] PHP Notice:  Undefined variable: nameshort in C:\MAMP\htdocs\baki\object.php on line 110
[25-Mar-2019 03:40:52 Asia/Tokyo] PHP Notice:  Undefined variable: nameshort in C:\MAMP\htdocs\baki\object.php on line 110
[25-Mar-2019 03:40:52 Asia/Tokyo] PHP Notice:  Undefined variable: nameshort in C:\MAMP\htdocs\baki\object.php on line 110
[25-Mar-2019 03:40:52 Asia/Tokyo] PHP Notice:  Undefined variable: nameshort in C:\MAMP\htdocs\baki\object.php on line 110
[25-Mar-2019 03:40:52 Asia/Tokyo] PHP Notice:  Undefined variable: nameshort in C:\MAMP\htdocs\baki\object.php on line 110
[25-Mar-2019 03:40:52 Asia/Tokyo] PHP Notice:  Undefined variable: nameshort in C:\MAMP\htdocs\baki\object.php on line 110
[25-Mar-2019 03:40:52 Asia/Tokyo] PHP Notice:  Undefined variable: nameshort in C:\MAMP\htdocs\baki\object.php on line 110
[25-Mar-2019 03:40:52 Asia/Tokyo] PHP Notice:  Undefined index: fighter in C:\MAMP\htdocs\baki\object.php on line 233
[25-Mar-2019 03:40:52 Asia/Tokyo] POSTされたッ！
[25-Mar-2019 03:41:04 Asia/Tokyo] PHP Notice:  Undefined variable: nameshort in C:\MAMP\htdocs\baki\object.php on line 110
[25-Mar-2019 03:41:04 Asia/Tokyo] PHP Notice:  Undefined variable: nameshort in C:\MAMP\htdocs\baki\object.php on line 110
[25-Mar-2019 03:41:04 Asia/Tokyo] PHP Notice:  Undefined variable: nameshort in C:\MAMP\htdocs\baki\object.php on line 110
[25-Mar-2019 03:41:04 Asia/Tokyo] PHP Notice:  Undefined variable: nameshort in C:\MAMP\htdocs\baki\object.php on line 110
[25-Mar-2019 03:41:04 Asia/Tokyo] PHP Notice:  Undefined variable: nameshort in C:\MAMP\htdocs\baki\object.php on line 110
[25-Mar-2019 03:41:04 Asia/Tokyo] PHP Notice:  Undefined variable: nameshort in C:\MAMP\htdocs\baki\object.php on line 110
[25-Mar-2019 03:41:04 Asia/Tokyo] PHP Notice:  Undefined variable: nameshort in C:\MAMP\htdocs\baki\object.php on line 110
[25-Mar-2019 03:41:04 Asia/Tokyo] PHP Notice:  Undefined variable: nameshort in C:\MAMP\htdocs\baki\object.php on line 110
[25-Mar-2019 03:41:04 Asia/Tokyo] PHP Notice:  Undefined variable: nameshort in C:\MAMP\htdocs\baki\object.php on line 110
[25-Mar-2019 03:41:04 Asia/Tokyo] PHP Notice:  Undefined variable: nameshort in C:\MAMP\htdocs\baki\object.php on line 110
[25-Mar-2019 03:41:04 Asia/Tokyo] PHP Notice:  Undefined variable: nameshort in C:\MAMP\htdocs\baki\object.php on line 110
[25-Mar-2019 03:41:04 Asia/Tokyo] PHP Notice:  Undefined variable: nameshort in C:\MAMP\htdocs\baki\object.php on line 110
[25-Mar-2019 03:41:04 Asia/Tokyo] PHP Notice:  Undefined variable: nameshort in C:\MAMP\htdocs\baki\object.php on line 110
[25-Mar-2019 03:41:04 Asia/Tokyo] PHP Notice:  Undefined variable: nameshort in C:\MAMP\htdocs\baki\object.php on line 110
[25-Mar-2019 03:41:04 Asia/Tokyo] PHP Notice:  Undefined variable: nameshort in C:\MAMP\htdocs\baki\object.php on line 110
[25-Mar-2019 03:41:04 Asia/Tokyo] PHP Notice:  Undefined variable: nameshort in C:\MAMP\htdocs\baki\object.php on line 110
[25-Mar-2019 03:41:04 Asia/Tokyo] PHP Notice:  Undefined index: fighter in C:\MAMP\htdocs\baki\object.php on line 233
[25-Mar-2019 03:41:04 Asia/Tokyo] POSTされたッ！
[25-Mar-2019 03:41:05 Asia/Tokyo] PHP Notice:  Undefined variable: nameshort in C:\MAMP\htdocs\baki\object.php on line 110
[25-Mar-2019 03:41:05 Asia/Tokyo] PHP Notice:  Undefined variable: nameshort in C:\MAMP\htdocs\baki\object.php on line 110
[25-Mar-2019 03:41:05 Asia/Tokyo] PHP Notice:  Undefined variable: nameshort in C:\MAMP\htdocs\baki\object.php on line 110
[25-Mar-2019 03:41:05 Asia/Tokyo] PHP Notice:  Undefined variable: nameshort in C:\MAMP\htdocs\baki\object.php on line 110
[25-Mar-2019 03:41:05 Asia/Tokyo] PHP Notice:  Undefined variable: nameshort in C:\MAMP\htdocs\baki\object.php on line 110
[25-Mar-2019 03:41:05 Asia/Tokyo] PHP Notice:  Undefined variable: nameshort in C:\MAMP\htdocs\baki\object.php on line 110
[25-Mar-2019 03:41:05 Asia/Tokyo] PHP Notice:  Undefined variable: nameshort in C:\MAMP\htdocs\baki\object.php on line 110
[25-Mar-2019 03:41:05 Asia/Tokyo] PHP Notice:  Undefined variable: nameshort in C:\MAMP\htdocs\baki\object.php on line 110
[25-Mar-2019 03:41:05 Asia/Tokyo] PHP Notice:  Undefined index: fighter in C:\MAMP\htdocs\baki\object.php on line 233
[25-Mar-2019 03:41:05 Asia/Tokyo] POSTされたッ！
[25-Mar-2019 03:41:06 Asia/Tokyo] PHP Notice:  Undefined variable: nameshort in C:\MAMP\htdocs\baki\object.php on line 110
[25-Mar-2019 03:41:06 Asia/Tokyo] PHP Notice:  Undefined variable: nameshort in C:\MAMP\htdocs\baki\object.php on line 110
[25-Mar-2019 03:41:06 Asia/Tokyo] PHP Notice:  Undefined variable: nameshort in C:\MAMP\htdocs\baki\object.php on line 110
[25-Mar-2019 03:41:06 Asia/Tokyo] PHP Notice:  Undefined variable: nameshort in C:\MAMP\htdocs\baki\object.php on line 110
[25-Mar-2019 03:41:06 Asia/Tokyo] PHP Notice:  Undefined variable: nameshort in C:\MAMP\htdocs\baki\object.php on line 110
[25-Mar-2019 03:41:06 Asia/Tokyo] PHP Notice:  Undefined variable: nameshort in C:\MAMP\htdocs\baki\object.php on line 110
[25-Mar-2019 03:41:06 Asia/Tokyo] PHP Notice:  Undefined variable: nameshort in C:\MAMP\htdocs\baki\object.php on line 110
[25-Mar-2019 03:41:06 Asia/Tokyo] PHP Notice:  Undefined variable: nameshort in C:\MAMP\htdocs\baki\object.php on line 110
[25-Mar-2019 03:41:06 Asia/Tokyo] PHP Notice:  Undefined index: fighter in C:\MAMP\htdocs\baki\object.php on line 233
[25-Mar-2019 03:41:06 Asia/Tokyo] POSTされたッ！
[25-Mar-2019 03:41:12 Asia/Tokyo] PHP Notice:  Undefined variable: nameshort in C:\MAMP\htdocs\baki\object.php on line 110
[25-Mar-2019 03:41:12 Asia/Tokyo] PHP Notice:  Undefined variable: nameshort in C:\MAMP\htdocs\baki\object.php on line 110
[25-Mar-2019 03:41:12 Asia/Tokyo] PHP Notice:  Undefined variable: nameshort in C:\MAMP\htdocs\baki\object.php on line 110
[25-Mar-2019 03:41:12 Asia/Tokyo] PHP Notice:  Undefined variable: nameshort in C:\MAMP\htdocs\baki\object.php on line 110
[25-Mar-2019 03:41:12 Asia/Tokyo] PHP Notice:  Undefined variable: nameshort in C:\MAMP\htdocs\baki\object.php on line 110
[25-Mar-2019 03:41:12 Asia/Tokyo] PHP Notice:  Undefined variable: nameshort in C:\MAMP\htdocs\baki\object.php on line 110
[25-Mar-2019 03:41:12 Asia/Tokyo] PHP Notice:  Undefined variable: nameshort in C:\MAMP\htdocs\baki\object.php on line 110
[25-Mar-2019 03:41:12 Asia/Tokyo] PHP Notice:  Undefined variable: nameshort in C:\MAMP\htdocs\baki\object.php on line 110
[25-Mar-2019 03:41:13 Asia/Tokyo] PHP Notice:  Undefined variable: nameshort in C:\MAMP\htdocs\baki\object.php on line 110
[25-Mar-2019 03:41:13 Asia/Tokyo] PHP Notice:  Undefined variable: nameshort in C:\MAMP\htdocs\baki\object.php on line 110
[25-Mar-2019 03:41:13 Asia/Tokyo] PHP Notice:  Undefined variable: nameshort in C:\MAMP\htdocs\baki\object.php on line 110
[25-Mar-2019 03:41:13 Asia/Tokyo] PHP Notice:  Undefined variable: nameshort in C:\MAMP\htdocs\baki\object.php on line 110
[25-Mar-2019 03:41:13 Asia/Tokyo] PHP Notice:  Undefined variable: nameshort in C:\MAMP\htdocs\baki\object.php on line 110
[25-Mar-2019 03:41:13 Asia/Tokyo] PHP Notice:  Undefined variable: nameshort in C:\MAMP\htdocs\baki\object.php on line 110
[25-Mar-2019 03:41:13 Asia/Tokyo] PHP Notice:  Undefined variable: nameshort in C:\MAMP\htdocs\baki\object.php on line 110
[25-Mar-2019 03:41:13 Asia/Tokyo] PHP Notice:  Undefined variable: nameshort in C:\MAMP\htdocs\baki\object.php on line 110
[25-Mar-2019 03:41:13 Asia/Tokyo] PHP Notice:  Undefined index: fighter in C:\MAMP\htdocs\baki\object.php on line 233
[25-Mar-2019 03:41:13 Asia/Tokyo] POSTされたッ！
[25-Mar-2019 03:41:14 Asia/Tokyo] PHP Notice:  Undefined variable: nameshort in C:\MAMP\htdocs\baki\object.php on line 110
[25-Mar-2019 03:41:14 Asia/Tokyo] PHP Notice:  Undefined variable: nameshort in C:\MAMP\htdocs\baki\object.php on line 110
[25-Mar-2019 03:41:14 Asia/Tokyo] PHP Notice:  Undefined variable: nameshort in C:\MAMP\htdocs\baki\object.php on line 110
[25-Mar-2019 03:41:14 Asia/Tokyo] PHP Notice:  Undefined variable: nameshort in C:\MAMP\htdocs\baki\object.php on line 110
[25-Mar-2019 03:41:14 Asia/Tokyo] PHP Notice:  Undefined variable: nameshort in C:\MAMP\htdocs\baki\object.php on line 110
[25-Mar-2019 03:41:14 Asia/Tokyo] PHP Notice:  Undefined variable: nameshort in C:\MAMP\htdocs\baki\object.php on line 110
[25-Mar-2019 03:41:14 Asia/Tokyo] PHP Notice:  Undefined variable: nameshort in C:\MAMP\htdocs\baki\object.php on line 110
[25-Mar-2019 03:41:14 Asia/Tokyo] PHP Notice:  Undefined variable: nameshort in C:\MAMP\htdocs\baki\object.php on line 110
[25-Mar-2019 03:41:14 Asia/Tokyo] PHP Notice:  Undefined index: fighter in C:\MAMP\htdocs\baki\object.php on line 233
[25-Mar-2019 03:41:14 Asia/Tokyo] POSTされたッ！
[25-Mar-2019 03:42:29 Asia/Tokyo] PHP Notice:  Undefined variable: nameshort in C:\MAMP\htdocs\baki\object.php on line 110
[25-Mar-2019 03:42:29 Asia/Tokyo] PHP Notice:  Undefined variable: nameshort in C:\MAMP\htdocs\baki\object.php on line 110
[25-Mar-2019 03:42:29 Asia/Tokyo] PHP Notice:  Undefined variable: nameshort in C:\MAMP\htdocs\baki\object.php on line 110
[25-Mar-2019 03:42:29 Asia/Tokyo] PHP Notice:  Undefined variable: nameshort in C:\MAMP\htdocs\baki\object.php on line 110
[25-Mar-2019 03:42:29 Asia/Tokyo] PHP Notice:  Undefined variable: nameshort in C:\MAMP\htdocs\baki\object.php on line 110
[25-Mar-2019 03:42:29 Asia/Tokyo] PHP Notice:  Undefined variable: nameshort in C:\MAMP\htdocs\baki\object.php on line 110
[25-Mar-2019 03:42:29 Asia/Tokyo] PHP Notice:  Undefined variable: nameshort in C:\MAMP\htdocs\baki\object.php on line 110
[25-Mar-2019 03:42:29 Asia/Tokyo] PHP Notice:  Undefined variable: nameshort in C:\MAMP\htdocs\baki\object.php on line 110
[25-Mar-2019 03:42:29 Asia/Tokyo] PHP Notice:  Undefined index: fighter in C:\MAMP\htdocs\baki\object.php on line 233
[25-Mar-2019 03:42:29 Asia/Tokyo] POSTされたッ！
[25-Mar-2019 03:42:30 Asia/Tokyo] PHP Notice:  Undefined variable: nameshort in C:\MAMP\htdocs\baki\object.php on line 110
[25-Mar-2019 03:42:30 Asia/Tokyo] PHP Notice:  Undefined variable: nameshort in C:\MAMP\htdocs\baki\object.php on line 110
[25-Mar-2019 03:42:30 Asia/Tokyo] PHP Notice:  Undefined variable: nameshort in C:\MAMP\htdocs\baki\object.php on line 110
[25-Mar-2019 03:42:30 Asia/Tokyo] PHP Notice:  Undefined variable: nameshort in C:\MAMP\htdocs\baki\object.php on line 110
[25-Mar-2019 03:42:30 Asia/Tokyo] PHP Notice:  Undefined variable: nameshort in C:\MAMP\htdocs\baki\object.php on line 110
[25-Mar-2019 03:42:30 Asia/Tokyo] PHP Notice:  Undefined variable: nameshort in C:\MAMP\htdocs\baki\object.php on line 110
[25-Mar-2019 03:42:30 Asia/Tokyo] PHP Notice:  Undefined variable: nameshort in C:\MAMP\htdocs\baki\object.php on line 110
[25-Mar-2019 03:42:30 Asia/Tokyo] PHP Notice:  Undefined variable: nameshort in C:\MAMP\htdocs\baki\object.php on line 110
[25-Mar-2019 03:42:30 Asia/Tokyo] PHP Notice:  Undefined index: fighter in C:\MAMP\htdocs\baki\object.php on line 233
[25-Mar-2019 03:42:30 Asia/Tokyo] POSTされたッ！
[25-Mar-2019 03:42:31 Asia/Tokyo] PHP Notice:  Undefined variable: nameshort in C:\MAMP\htdocs\baki\object.php on line 110
[25-Mar-2019 03:42:31 Asia/Tokyo] PHP Notice:  Undefined variable: nameshort in C:\MAMP\htdocs\baki\object.php on line 110
[25-Mar-2019 03:42:31 Asia/Tokyo] PHP Notice:  Undefined variable: nameshort in C:\MAMP\htdocs\baki\object.php on line 110
[25-Mar-2019 03:42:31 Asia/Tokyo] PHP Notice:  Undefined variable: nameshort in C:\MAMP\htdocs\baki\object.php on line 110
[25-Mar-2019 03:42:31 Asia/Tokyo] PHP Notice:  Undefined variable: nameshort in C:\MAMP\htdocs\baki\object.php on line 110
[25-Mar-2019 03:42:31 Asia/Tokyo] PHP Notice:  Undefined variable: nameshort in C:\MAMP\htdocs\baki\object.php on line 110
[25-Mar-2019 03:42:31 Asia/Tokyo] PHP Notice:  Undefined variable: nameshort in C:\MAMP\htdocs\baki\object.php on line 110
[25-Mar-2019 03:42:31 Asia/Tokyo] PHP Notice:  Undefined variable: nameshort in C:\MAMP\htdocs\baki\object.php on line 110
[25-Mar-2019 03:42:31 Asia/Tokyo] PHP Notice:  Undefined index: fighter in C:\MAMP\htdocs\baki\object.php on line 233
[25-Mar-2019 03:42:31 Asia/Tokyo] POSTされたッ！
[25-Mar-2019 03:44:03 Asia/Tokyo] PHP Notice:  Undefined variable: nameshort in C:\MAMP\htdocs\baki\object.php on line 110
[25-Mar-2019 03:44:03 Asia/Tokyo] PHP Notice:  Undefined variable: nameshort in C:\MAMP\htdocs\baki\object.php on line 110
[25-Mar-2019 03:44:03 Asia/Tokyo] PHP Notice:  Undefined variable: nameshort in C:\MAMP\htdocs\baki\object.php on line 110
[25-Mar-2019 03:44:03 Asia/Tokyo] PHP Notice:  Undefined variable: nameshort in C:\MAMP\htdocs\baki\object.php on line 110
[25-Mar-2019 03:44:03 Asia/Tokyo] PHP Notice:  Undefined variable: nameshort in C:\MAMP\htdocs\baki\object.php on line 110
[25-Mar-2019 03:44:03 Asia/Tokyo] PHP Notice:  Undefined variable: nameshort in C:\MAMP\htdocs\baki\object.php on line 110
[25-Mar-2019 03:44:03 Asia/Tokyo] PHP Notice:  Undefined variable: nameshort in C:\MAMP\htdocs\baki\object.php on line 110
[25-Mar-2019 03:44:03 Asia/Tokyo] PHP Notice:  Undefined variable: nameshort in C:\MAMP\htdocs\baki\object.php on line 110
[25-Mar-2019 03:44:18 Asia/Tokyo] PHP Notice:  Undefined variable: nameshort in C:\MAMP\htdocs\baki\object.php on line 110
[25-Mar-2019 03:44:18 Asia/Tokyo] PHP Notice:  Undefined variable: nameshort in C:\MAMP\htdocs\baki\object.php on line 110
[25-Mar-2019 03:44:18 Asia/Tokyo] PHP Notice:  Undefined variable: nameshort in C:\MAMP\htdocs\baki\object.php on line 110
[25-Mar-2019 03:44:18 Asia/Tokyo] PHP Notice:  Undefined variable: nameshort in C:\MAMP\htdocs\baki\object.php on line 110
[25-Mar-2019 03:44:18 Asia/Tokyo] PHP Notice:  Undefined variable: nameshort in C:\MAMP\htdocs\baki\object.php on line 110
[25-Mar-2019 03:44:18 Asia/Tokyo] PHP Notice:  Undefined variable: nameshort in C:\MAMP\htdocs\baki\object.php on line 110
[25-Mar-2019 03:44:18 Asia/Tokyo] PHP Notice:  Undefined variable: nameshort in C:\MAMP\htdocs\baki\object.php on line 110
[25-Mar-2019 03:44:18 Asia/Tokyo] PHP Notice:  Undefined variable: nameshort in C:\MAMP\htdocs\baki\object.php on line 110
[25-Mar-2019 03:45:00 Asia/Tokyo] PHP Notice:  Undefined variable: nameshort in C:\MAMP\htdocs\baki\object.php on line 110
[25-Mar-2019 03:45:00 Asia/Tokyo] PHP Notice:  Undefined variable: nameshort in C:\MAMP\htdocs\baki\object.php on line 110
[25-Mar-2019 03:45:00 Asia/Tokyo] PHP Notice:  Undefined variable: nameshort in C:\MAMP\htdocs\baki\object.php on line 110
[25-Mar-2019 03:45:00 Asia/Tokyo] PHP Notice:  Undefined variable: nameshort in C:\MAMP\htdocs\baki\object.php on line 110
[25-Mar-2019 03:45:00 Asia/Tokyo] PHP Notice:  Undefined variable: nameshort in C:\MAMP\htdocs\baki\object.php on line 110
[25-Mar-2019 03:45:00 Asia/Tokyo] PHP Notice:  Undefined variable: nameshort in C:\MAMP\htdocs\baki\object.php on line 110
[25-Mar-2019 03:45:00 Asia/Tokyo] PHP Notice:  Undefined variable: nameshort in C:\MAMP\htdocs\baki\object.php on line 110
[25-Mar-2019 03:45:00 Asia/Tokyo] PHP Notice:  Undefined variable: nameshort in C:\MAMP\htdocs\baki\object.php on line 110
[25-Mar-2019 03:45:00 Asia/Tokyo] PHP Notice:  Undefined index: fighter in C:\MAMP\htdocs\baki\object.php on line 233
[25-Mar-2019 03:45:00 Asia/Tokyo] POSTされたッ！
[25-Mar-2019 03:45:01 Asia/Tokyo] PHP Notice:  Undefined variable: nameshort in C:\MAMP\htdocs\baki\object.php on line 110
[25-Mar-2019 03:45:01 Asia/Tokyo] PHP Notice:  Undefined variable: nameshort in C:\MAMP\htdocs\baki\object.php on line 110
[25-Mar-2019 03:45:01 Asia/Tokyo] PHP Notice:  Undefined variable: nameshort in C:\MAMP\htdocs\baki\object.php on line 110
[25-Mar-2019 03:45:01 Asia/Tokyo] PHP Notice:  Undefined variable: nameshort in C:\MAMP\htdocs\baki\object.php on line 110
[25-Mar-2019 03:45:02 Asia/Tokyo] PHP Notice:  Undefined variable: nameshort in C:\MAMP\htdocs\baki\object.php on line 110
[25-Mar-2019 03:45:02 Asia/Tokyo] PHP Notice:  Undefined variable: nameshort in C:\MAMP\htdocs\baki\object.php on line 110
[25-Mar-2019 03:45:02 Asia/Tokyo] PHP Notice:  Undefined variable: nameshort in C:\MAMP\htdocs\baki\object.php on line 110
[25-Mar-2019 03:45:02 Asia/Tokyo] PHP Notice:  Undefined variable: nameshort in C:\MAMP\htdocs\baki\object.php on line 110
[25-Mar-2019 03:45:02 Asia/Tokyo] PHP Notice:  Undefined index: fighter in C:\MAMP\htdocs\baki\object.php on line 233
[25-Mar-2019 03:45:02 Asia/Tokyo] POSTされたッ！
[25-Mar-2019 03:45:03 Asia/Tokyo] PHP Notice:  Undefined variable: nameshort in C:\MAMP\htdocs\baki\object.php on line 110
[25-Mar-2019 03:45:03 Asia/Tokyo] PHP Notice:  Undefined variable: nameshort in C:\MAMP\htdocs\baki\object.php on line 110
[25-Mar-2019 03:45:03 Asia/Tokyo] PHP Notice:  Undefined variable: nameshort in C:\MAMP\htdocs\baki\object.php on line 110
[25-Mar-2019 03:45:03 Asia/Tokyo] PHP Notice:  Undefined variable: nameshort in C:\MAMP\htdocs\baki\object.php on line 110
[25-Mar-2019 03:45:03 Asia/Tokyo] PHP Notice:  Undefined variable: nameshort in C:\MAMP\htdocs\baki\object.php on line 110
[25-Mar-2019 03:45:03 Asia/Tokyo] PHP Notice:  Undefined variable: nameshort in C:\MAMP\htdocs\baki\object.php on line 110
[25-Mar-2019 03:45:03 Asia/Tokyo] PHP Notice:  Undefined variable: nameshort in C:\MAMP\htdocs\baki\object.php on line 110
[25-Mar-2019 03:45:03 Asia/Tokyo] PHP Notice:  Undefined variable: nameshort in C:\MAMP\htdocs\baki\object.php on line 110
[25-Mar-2019 03:45:03 Asia/Tokyo] PHP Notice:  Undefined index: fighter in C:\MAMP\htdocs\baki\object.php on line 233
[25-Mar-2019 03:45:03 Asia/Tokyo] POSTされたッ！
[25-Mar-2019 03:45:04 Asia/Tokyo] PHP Notice:  Undefined variable: nameshort in C:\MAMP\htdocs\baki\object.php on line 110
[25-Mar-2019 03:45:04 Asia/Tokyo] PHP Notice:  Undefined variable: nameshort in C:\MAMP\htdocs\baki\object.php on line 110
[25-Mar-2019 03:45:04 Asia/Tokyo] PHP Notice:  Undefined variable: nameshort in C:\MAMP\htdocs\baki\object.php on line 110
[25-Mar-2019 03:45:04 Asia/Tokyo] PHP Notice:  Undefined variable: nameshort in C:\MAMP\htdocs\baki\object.php on line 110
[25-Mar-2019 03:45:04 Asia/Tokyo] PHP Notice:  Undefined variable: nameshort in C:\MAMP\htdocs\baki\object.php on line 110
[25-Mar-2019 03:45:04 Asia/Tokyo] PHP Notice:  Undefined variable: nameshort in C:\MAMP\htdocs\baki\object.php on line 110
[25-Mar-2019 03:45:04 Asia/Tokyo] PHP Notice:  Undefined variable: nameshort in C:\MAMP\htdocs\baki\object.php on line 110
[25-Mar-2019 03:45:04 Asia/Tokyo] PHP Notice:  Undefined variable: nameshort in C:\MAMP\htdocs\baki\object.php on line 110
[25-Mar-2019 03:45:04 Asia/Tokyo] PHP Notice:  Undefined index: fighter in C:\MAMP\htdocs\baki\object.php on line 233
[25-Mar-2019 03:45:04 Asia/Tokyo] POSTされたッ！
[25-Mar-2019 03:45:05 Asia/Tokyo] PHP Notice:  Undefined variable: nameshort in C:\MAMP\htdocs\baki\object.php on line 110
[25-Mar-2019 03:45:05 Asia/Tokyo] PHP Notice:  Undefined variable: nameshort in C:\MAMP\htdocs\baki\object.php on line 110
[25-Mar-2019 03:45:05 Asia/Tokyo] PHP Notice:  Undefined variable: nameshort in C:\MAMP\htdocs\baki\object.php on line 110
[25-Mar-2019 03:45:05 Asia/Tokyo] PHP Notice:  Undefined variable: nameshort in C:\MAMP\htdocs\baki\object.php on line 110
[25-Mar-2019 03:45:05 Asia/Tokyo] PHP Notice:  Undefined variable: nameshort in C:\MAMP\htdocs\baki\object.php on line 110
[25-Mar-2019 03:45:05 Asia/Tokyo] PHP Notice:  Undefined variable: nameshort in C:\MAMP\htdocs\baki\object.php on line 110
[25-Mar-2019 03:45:05 Asia/Tokyo] PHP Notice:  Undefined variable: nameshort in C:\MAMP\htdocs\baki\object.php on line 110
[25-Mar-2019 03:45:05 Asia/Tokyo] PHP Notice:  Undefined variable: nameshort in C:\MAMP\htdocs\baki\object.php on line 110
[25-Mar-2019 03:45:05 Asia/Tokyo] PHP Notice:  Undefined index: fighter in C:\MAMP\htdocs\baki\object.php on line 233
[25-Mar-2019 03:45:05 Asia/Tokyo] POSTされたッ！
[25-Mar-2019 03:45:05 Asia/Tokyo] PHP Notice:  Undefined variable: nameshort in C:\MAMP\htdocs\baki\object.php on line 110
[25-Mar-2019 03:45:05 Asia/Tokyo] PHP Notice:  Undefined variable: nameshort in C:\MAMP\htdocs\baki\object.php on line 110
[25-Mar-2019 03:45:05 Asia/Tokyo] PHP Notice:  Undefined variable: nameshort in C:\MAMP\htdocs\baki\object.php on line 110
[25-Mar-2019 03:45:05 Asia/Tokyo] PHP Notice:  Undefined variable: nameshort in C:\MAMP\htdocs\baki\object.php on line 110
[25-Mar-2019 03:45:05 Asia/Tokyo] PHP Notice:  Undefined variable: nameshort in C:\MAMP\htdocs\baki\object.php on line 110
[25-Mar-2019 03:45:05 Asia/Tokyo] PHP Notice:  Undefined variable: nameshort in C:\MAMP\htdocs\baki\object.php on line 110
[25-Mar-2019 03:45:05 Asia/Tokyo] PHP Notice:  Undefined variable: nameshort in C:\MAMP\htdocs\baki\object.php on line 110
[25-Mar-2019 03:45:05 Asia/Tokyo] PHP Notice:  Undefined variable: nameshort in C:\MAMP\htdocs\baki\object.php on line 110
[25-Mar-2019 03:45:05 Asia/Tokyo] PHP Notice:  Undefined index: fighter in C:\MAMP\htdocs\baki\object.php on line 233
[25-Mar-2019 03:45:05 Asia/Tokyo] POSTされたッ！
[25-Mar-2019 03:45:07 Asia/Tokyo] PHP Notice:  Undefined variable: nameshort in C:\MAMP\htdocs\baki\object.php on line 110
[25-Mar-2019 03:45:07 Asia/Tokyo] PHP Notice:  Undefined variable: nameshort in C:\MAMP\htdocs\baki\object.php on line 110
[25-Mar-2019 03:45:07 Asia/Tokyo] PHP Notice:  Undefined variable: nameshort in C:\MAMP\htdocs\baki\object.php on line 110
[25-Mar-2019 03:45:07 Asia/Tokyo] PHP Notice:  Undefined variable: nameshort in C:\MAMP\htdocs\baki\object.php on line 110
[25-Mar-2019 03:45:07 Asia/Tokyo] PHP Notice:  Undefined variable: nameshort in C:\MAMP\htdocs\baki\object.php on line 110
[25-Mar-2019 03:45:07 Asia/Tokyo] PHP Notice:  Undefined variable: nameshort in C:\MAMP\htdocs\baki\object.php on line 110
[25-Mar-2019 03:45:07 Asia/Tokyo] PHP Notice:  Undefined variable: nameshort in C:\MAMP\htdocs\baki\object.php on line 110
[25-Mar-2019 03:45:07 Asia/Tokyo] PHP Notice:  Undefined variable: nameshort in C:\MAMP\htdocs\baki\object.php on line 110
[25-Mar-2019 03:45:07 Asia/Tokyo] PHP Notice:  Undefined index: fighter in C:\MAMP\htdocs\baki\object.php on line 233
[25-Mar-2019 03:45:07 Asia/Tokyo] POSTされたッ！
[25-Mar-2019 03:45:08 Asia/Tokyo] PHP Notice:  Undefined variable: nameshort in C:\MAMP\htdocs\baki\object.php on line 110
[25-Mar-2019 03:45:08 Asia/Tokyo] PHP Notice:  Undefined variable: nameshort in C:\MAMP\htdocs\baki\object.php on line 110
[25-Mar-2019 03:45:08 Asia/Tokyo] PHP Notice:  Undefined variable: nameshort in C:\MAMP\htdocs\baki\object.php on line 110
[25-Mar-2019 03:45:08 Asia/Tokyo] PHP Notice:  Undefined variable: nameshort in C:\MAMP\htdocs\baki\object.php on line 110
[25-Mar-2019 03:45:08 Asia/Tokyo] PHP Notice:  Undefined variable: nameshort in C:\MAMP\htdocs\baki\object.php on line 110
[25-Mar-2019 03:45:08 Asia/Tokyo] PHP Notice:  Undefined variable: nameshort in C:\MAMP\htdocs\baki\object.php on line 110
[25-Mar-2019 03:45:08 Asia/Tokyo] PHP Notice:  Undefined variable: nameshort in C:\MAMP\htdocs\baki\object.php on line 110
[25-Mar-2019 03:45:08 Asia/Tokyo] PHP Notice:  Undefined variable: nameshort in C:\MAMP\htdocs\baki\object.php on line 110
[25-Mar-2019 03:45:08 Asia/Tokyo] POSTされたッ！
[25-Mar-2019 03:45:08 Asia/Tokyo] 選択したキャラ：Fighter Object
(
    [imgFace:protected] => img/fighter03_face.png
    [tension:protected] => 1
    [name:protected] => 愚地 独歩
    [nickname:protected] => 『武神』
    [hp:protected] => 450
    [img:protected] => img/fighter03.png
    [attackMin:protected] => 30
    [attackMax:protected] => 80
    [critical:protected] => 4
    [nameShort] => 独歩
    [description] => 実戦空手『神心会』の創始者で、『人食い愚地』の異名を取る。かつてはシベリアトラを素手で屠ったことも。
)

[25-Mar-2019 03:45:08 Asia/Tokyo] PHP Notice:  Undefined index: beatenId in C:\MAMP\htdocs\baki\object.php on line 201
[25-Mar-2019 03:45:09 Asia/Tokyo] PHP Warning:  Invalid argument supplied for foreach() in C:\MAMP\htdocs\baki\object.php on line 201
[25-Mar-2019 03:45:09 Asia/Tokyo] PHP Deprecated:  Non-static method History::set() should not be called statically in C:\MAMP\htdocs\baki\object.php on line 212
[25-Mar-2019 03:45:09 Asia/Tokyo] 登場した敵キャラ：Monster Object
(
    [name:protected] => ジャック・ハンマー
    [nickname:protected] => 『鬼の血を継ぐ戦士』
    [hp:protected] => 220
    [img:protected] => img/monster07.png
    [attackMin:protected] => 30
    [attackMax:protected] => 55
    [critical:protected] => 9
    [nameShort] => 
)

[25-Mar-2019 03:45:38 Asia/Tokyo] PHP Notice:  Undefined variable: nameshort in C:\MAMP\htdocs\baki\object.php on line 110
[25-Mar-2019 03:45:38 Asia/Tokyo] PHP Notice:  Undefined variable: nameshort in C:\MAMP\htdocs\baki\object.php on line 110
[25-Mar-2019 03:45:38 Asia/Tokyo] PHP Notice:  Undefined variable: nameshort in C:\MAMP\htdocs\baki\object.php on line 110
[25-Mar-2019 03:45:38 Asia/Tokyo] PHP Notice:  Undefined variable: nameshort in C:\MAMP\htdocs\baki\object.php on line 110
[25-Mar-2019 03:45:38 Asia/Tokyo] PHP Notice:  Undefined variable: nameshort in C:\MAMP\htdocs\baki\object.php on line 110
[25-Mar-2019 03:45:38 Asia/Tokyo] PHP Notice:  Undefined variable: nameshort in C:\MAMP\htdocs\baki\object.php on line 110
[25-Mar-2019 03:45:38 Asia/Tokyo] PHP Notice:  Undefined variable: nameshort in C:\MAMP\htdocs\baki\object.php on line 110
[25-Mar-2019 03:45:38 Asia/Tokyo] PHP Notice:  Undefined variable: nameshort in C:\MAMP\htdocs\baki\object.php on line 110
[25-Mar-2019 03:45:38 Asia/Tokyo] PHP Notice:  Undefined index: fighter in C:\MAMP\htdocs\baki\object.php on line 233
[25-Mar-2019 03:45:38 Asia/Tokyo] POSTされたッ！
[25-Mar-2019 03:45:38 Asia/Tokyo] スタート画面に戻ります
[25-Mar-2019 03:45:38 Asia/Tokyo] PHP Notice:  Undefined variable: nameshort in C:\MAMP\htdocs\baki\object.php on line 110
[25-Mar-2019 03:45:38 Asia/Tokyo] PHP Notice:  Undefined variable: nameshort in C:\MAMP\htdocs\baki\object.php on line 110
[25-Mar-2019 03:45:38 Asia/Tokyo] PHP Notice:  Undefined variable: nameshort in C:\MAMP\htdocs\baki\object.php on line 110
[25-Mar-2019 03:45:38 Asia/Tokyo] PHP Notice:  Undefined variable: nameshort in C:\MAMP\htdocs\baki\object.php on line 110
[25-Mar-2019 03:45:38 Asia/Tokyo] PHP Notice:  Undefined variable: nameshort in C:\MAMP\htdocs\baki\object.php on line 110
[25-Mar-2019 03:45:38 Asia/Tokyo] PHP Notice:  Undefined variable: nameshort in C:\MAMP\htdocs\baki\object.php on line 110
[25-Mar-2019 03:45:38 Asia/Tokyo] PHP Notice:  Undefined variable: nameshort in C:\MAMP\htdocs\baki\object.php on line 110
[25-Mar-2019 03:45:38 Asia/Tokyo] PHP Notice:  Undefined variable: nameshort in C:\MAMP\htdocs\baki\object.php on line 110
